[illumika.com/mainpage.html]
[illumika.com/projects.html]
[illumika.com/spa.html]
[illumika.com/branding.html]
[illumika.com/prom.html]
[illumika.com/archpro.html]
[illumika.com/privacy-policy.html]
[backblue.gif]
[fade.gif]
[index.html]
[static.tildacdn.com/tild3364-3234-4332-b733-656330633263/111123.svg]
[static.tildacdn.com/tild3365-6265-4037-b061-656632666664/111123.svg]
[static.tildacdn.com/tild3133-6461-4837-b434-663665316461/favicon_mobile.png]
[neo.tildacdn.com/js/tilda-fallback-1.0.min.js]
[static.tildacdn.com/css/tilda-grid-3.0.min.css]
[static.tildacdn.com/ws/project4928594/tilda-blocks-page142705476.min456f.css]
[static.tildacdn.com/css/tilda-animation-2.0.min.css]
[static.tildacdn.com/css/tilda-popup-1.1.min.css]
[static.tildacdn.com/css/tilda-quiz-form-1.1.min.css]
[static.tildacdn.com/css/tilda-forms-1.0.min.css]
[illumika.com/custom456f.css]
[static.tildacdn.com/js/tilda-polyfill-1.0.min.js]
[static.tildacdn.com/js/jquery-1.10.2.min.js]
[static.tildacdn.com/js/tilda-scripts-3.0.min.js]
[static.tildacdn.com/ws/project4928594/tilda-blocks-page142705476.min456f.js]
[static.tildacdn.com/js/tilda-lazyload-1.0.min.js]
[static.tildacdn.com/js/tilda-animation-2.0.min.js]
[static.tildacdn.com/js/tilda-zero-1.1.min.js]
[static.tildacdn.com/js/tilda-popup-1.0.min.js]
[static.tildacdn.com/js/tilda-step-manager-1.0.min.js]
[static.tildacdn.com/js/tilda-quiz-form-1.0.min.js]
[static.tildacdn.com/js/tilda-forms-1.0.min.js]
[static.tildacdn.com/js/tilda-animation-ext-1.0.min.js]
[static.tildacdn.com/js/tilda-animation-sbs-1.0.min.js]
[static.tildacdn.com/js/tilda-zero-scale-1.0.min.js]
[static.tildacdn.com/js/tilda-zero-video-1.0.min.js]
[static.tildacdn.com/js/tilda-zero-fixed-1.0.min.js]
[static.tildacdn.com/js/tilda-events-1.0.min.js]
[cdn.illumika.com/site/css/site_css_vanta-init.v1.css]
[cdn.illumika.com/site/libs/site_libs_three.min.js]
[cdn.illumika.com/site/libs/site_libs_vanta.fog.min.js]
[cdn.illumika.com/site/js/site_js_vanta-init.v1.js]
[cdn.illumika.com/site/js/site_js_neon-button.v1.js]
[cdn.illumika.com/site/js/site_js_words-anim.v1.js]
[cdn.illumika.com/site/js/site_js_headline-anim.v3.js]
[cdn.illumika.com/site/js/site_js_smooth-scroll.v2.js]
[static.tildacdn.com/tild3737-3162-4437-b466-303961633437/logo_icon.svg]
[tilda.ws/img/imgfishsquare.gif]
[thb.tildacdn.com/tild6566-3562-4339-b934-356666656666/-/resize/20x/Rectangle_10.png]
[thb.tildacdn.com/tild3533-3635-4264-b834-626235303839/-/resize/20x/9_2.png]
[thb.tildacdn.com/tild6332-3064-4161-b061-326562663762/-/resize/20x/2025-08-26_111319_2.png]
[thb.tildacdn.com/tild3439-3465-4039-b861-353737666263/-/resize/20x/L1057893_1.png]
[thb.tildacdn.com/tild3633-6233-4665-b533-643237306365/-/resize/20x/image_1854.png]
[thb.tildacdn.com/tild6466-3133-4239-a537-656361333035/-/resize/20x/2025-08-26_111319_1.png]
[static.tildacdn.com/tild3631-6461-4330-b437-363565303865/triciti.png]
[thb.tildacdn.com/tild3631-6461-4330-b437-363565303865/-/resize/20x/triciti.png]
[static.tildacdn.com/tild3033-6430-4138-b739-633637323334/photo.png]
[thb.tildacdn.com/tild3033-6430-4138-b739-633637323334/-/resize/20x/photo.png]
[static.tildacdn.com/tild6239-3735-4738-a134-643466396336/Rectangle_8.png]
[thb.tildacdn.com/tild6239-3735-4738-a134-643466396336/-/resize/20x/Rectangle_8.png]
[static.tildacdn.com/tild3865-6436-4435-b939-666234313538/Rectangle_9.png]
[thb.tildacdn.com/tild3865-6436-4435-b939-666234313538/-/resize/20x/Rectangle_9.png]
[static.tildacdn.com/tild3763-3062-4664-a536-653635393737/Group_451.svg]
[static.tildacdn.com/tild3332-6230-4437-a139-343938326233/Slide_16_9_-_118.jpg]
[thb.tildacdn.com/tild3332-6230-4437-a139-343938326233/-/resize/20x/Slide_16_9_-_118.jpg]
[thb.tildacdn.com/tild3637-3233-4330-a534-326163313434/-/resize/20x/rainz.jpg]
[static.tildacdn.com/js/tilda-variant-select-1.0.min.js]
[static.tildacdn.com/css/tilda-contact-method-1.0.min.css]
[static.tildacdn.com/js/tilda-phone-mask-1.1.min.js]
[static.tildacdn.com/js/tilda-contact-method-1.0.min.js]
[static.tildacdn.com/js/tilda-conditional-form-1.0.min.js]
[static.tildacdn.com/tild3837-3036-4761-b464-373035663038/photo.svg]
[mc.yandex.ru/metrika/tag.js]
[static.tildacdn.com/js/tilda-stat-1.0.min.js]
[illumika.com/mainpage.html]
[static.tildacdn.com/tild6633-6363-4430-b038-396464373837/logo.jpg]
[static.tildacdn.com/ws/project4928594/tilda-blocks-page131757346.min4e24.css]
[static.tildacdn.com/css/tilda-cover-1.0.min.css]
[static.tildacdn.com/css/tilda-slds-1.4.min.css]
[static.tildacdn.com/css/tilda-cards-1.0.min.css]
[illumika.com/custom4e24.css]
[static.tildacdn.com/ws/project4928594/tilda-blocks-page131757346.min4e24.js]
[static.tildacdn.com/js/tilda-cover-1.0.min.js]
[static.tildacdn.com/js/tilda-slds-1.4.min.js]
[static.tildacdn.com/js/hammer.min.js]
[static.tildacdn.com/js/tilda-cards-1.0.min.js]
[static.tildacdn.com/js/tilda-submenublocks-1.0.min.js]
[static.tildacdn.com/js/tilda-video-processor-1.0.min.js]
[cdn.illumika.com/site/libs/site_libs_mods.min.js]
[static.tildacdn.com/tild3331-6634-4630-b666-336337363036/__.svg]
[illumika.com/projects/index.html]
[thb.tildacdn.com/tild3637-6330-4132-a139-626330656662/-/resize/20x/photo.jpg]
[static.tildacdn.com/tild3637-6330-4132-a139-626330656662/photo.jpg]
[static.tildacdn.com/tild6664-3362-4562-b265-396662663632/Group_5852.png]
[thb.tildacdn.com/tild6664-3362-4562-b265-396662663632/-/empty/Group_5852.png]
[thb.tildacdn.com/tild6664-3362-4562-b265-396662663632/-/resizeb/20x/Group_5852.png]
[illumika.com/projects/open.html]
[static.tildacdn.com/tild6237-3161-4338-b334-393433316336/02_1.jpg]
[thb.tildacdn.com/tild6237-3161-4338-b334-393433316336/-/resizeb/20x/02_1.jpg]
[illumika.com/projects/baden.html]
[static.tildacdn.com/tild6330-3934-4562-b930-393665303339/noroot.png]
[thb.tildacdn.com/tild6330-3934-4562-b930-393665303339/-/resizeb/20x/noroot.png]
[illumika.com/projects/rainz/office.html]
[static.tildacdn.com/tild3739-3838-4166-a533-313366333566/Group_44-Resize.jpg]
[thb.tildacdn.com/tild3739-3838-4166-a533-313366333566/-/resizeb/20x/Group_44-Resize.jpg]
[illumika.com/projects/the-bridge.html]
[static.tildacdn.com/tild3833-3136-4061-b039-623963656332/4.jpg]
[thb.tildacdn.com/tild3833-3136-4061-b039-623963656332/-/resizeb/20x/4.jpg]
[illumika.com/projects/circulum.html]
[static.tildacdn.com/tild6134-3465-4237-a661-376265383863/B1_1.png]
[thb.tildacdn.com/tild6134-3465-4237-a661-376265383863/-/resizeb/20x/B1_1.png]
[illumika.com/projects/grozny200.html]
[static.tildacdn.com/tild3166-6638-4532-b131-393461363939/Mount_2.jpg]
[thb.tildacdn.com/tild3166-6638-4532-b131-393461363939/-/resizeb/20x/Mount_2.jpg]
[illumika.com/projects/hotel-port.html]
[static.tildacdn.com/tild3336-6532-4130-b435-373332366134/container_design.jpg]
[thb.tildacdn.com/tild3336-6532-4130-b435-373332366134/-/resizeb/20x/container_design.jpg]
[illumika.com/projects/bereg.html]
[static.tildacdn.com/tild3361-6434-4333-b962-306138356461/image.jpg]
[thb.tildacdn.com/tild3361-6434-4333-b962-306138356461/-/resizeb/20x/image.jpg]
[illumika.com/projects/re-block.html]
[static.tildacdn.com/tild3538-6432-4436-a438-633836393832/noroot.png]
[thb.tildacdn.com/tild3538-6432-4436-a438-633836393832/-/resizeb/20x/noroot.png]
[illumika.com/projects/z-house.html]
[static.tildacdn.com/tild6166-3535-4430-a165-663038666662/_.jpg]
[thb.tildacdn.com/tild6166-3535-4430-a165-663038666662/-/resizeb/20x/_.jpg]
[illumika.com/projects/the-flow.html]
[static.tildacdn.com/tild3137-3031-4961-b933-333136396233/1-05.jpg]
[thb.tildacdn.com/tild3137-3031-4961-b933-333136396233/-/resizeb/20x/1-05.jpg]
[illumika.com/projects/ledvizor/stand.html]
[static.tildacdn.com/tild6439-3862-4765-b863-633134613065/DSC06864_.jpg]
[thb.tildacdn.com/tild6439-3862-4765-b863-633134613065/-/resizeb/20x/DSC06864_.jpg]
[illumika.com/projects/domxdom.html]
[static.tildacdn.com/tild3233-3361-4833-b339-326662383335/_.jpg]
[thb.tildacdn.com/tild3233-3361-4833-b339-326662383335/-/resizeb/20x/_.jpg]
[illumika.com/projects/vdnkh66.html]
[static.tildacdn.com/tild6665-3466-4665-b830-303237616566/_1.jpg]
[thb.tildacdn.com/tild6665-3466-4665-b830-303237616566/-/resizeb/20x/_1.jpg]
[illumika.com/projects/electromechanics.html]
[static.tildacdn.com/tild6231-3534-4836-b863-333035363565/Electrocabin_landsca.jpg]
[thb.tildacdn.com/tild6231-3534-4836-b863-333035363565/-/resizeb/20x/Electrocabin_landsca.jpg]
[illumika.com/projects/mirea.html]
[static.tildacdn.com/tild3631-3238-4361-b837-623934626532/12.png]
[thb.tildacdn.com/tild3631-3238-4361-b837-623934626532/-/resizeb/20x/12.png]
[static.tildacdn.com/tild3335-3338-4632-b266-653436393765/Frame_1.png]
[thb.tildacdn.com/tild3335-3338-4632-b266-653436393765/-/empty/Frame_1.png]
[thb.tildacdn.com/tild3335-3338-4632-b266-653436393765/-/resizeb/20x/Frame_1.png]
[static.tildacdn.com/tild6439-6461-4536-b462-343862616537/rainz.jpg]
[thb.tildacdn.com/tild6439-6461-4536-b462-343862616537/-/resizeb/20x/rainz.jpg]
[illumika.com/projects/maxximobel-branding.html]
[static.tildacdn.com/tild3665-6130-4163-a631-613931393336/noroot.png]
[thb.tildacdn.com/tild3665-6130-4163-a631-613931393336/-/resizeb/20x/noroot.png]
[illumika.com/projects/hotel-port-branding.html]
[static.tildacdn.com/tild6364-6262-4263-b761-643461326138/PORT.png]
[thb.tildacdn.com/tild6364-6262-4263-b761-643461326138/-/resizeb/20x/PORT.png]
[illumika.com/projects/the-light.html]
[static.tildacdn.com/tild3061-3739-4331-a330-346332353639/Thelight.png]
[thb.tildacdn.com/tild3061-3739-4331-a330-346332353639/-/resizeb/20x/Thelight.png]
[static.tildacdn.com/tild3531-6334-4635-b563-376262333033/triciti.png]
[thb.tildacdn.com/tild3531-6334-4635-b563-376262333033/-/resizeb/20x/triciti.png]
[static.tildacdn.com/tild6336-6565-4233-b066-313062653534/SGK.png]
[thb.tildacdn.com/tild6336-6565-4233-b066-313062653534/-/resizeb/20x/SGK.png]
[illumika.com/branding-kitchenetic.html]
[static.tildacdn.com/tild6362-3931-4239-b063-376436356438/Group_456.jpg]
[thb.tildacdn.com/tild6362-3931-4239-b063-376436356438/-/resizeb/20x/Group_456.jpg]
[static.tildacdn.com/tild6134-3839-4863-b739-353039356630/2.png]
[thb.tildacdn.com/tild6134-3839-4863-b739-353039356630/-/empty/2.png]
[thb.tildacdn.com/tild6134-3839-4863-b739-353039356630/-/resizeb/20x/2.png]
[illumika.com/projects/maxximobel.html]
[static.tildacdn.com/tild3732-3339-4730-b662-316265313634/__1.jpg]
[thb.tildacdn.com/tild3732-3339-4730-b662-316265313634/-/resizeb/20x/__1.jpg]
[illumika.com/projects/ipsa.html]
[static.tildacdn.com/tild6164-3162-4439-b735-386161396563/noroot.png]
[thb.tildacdn.com/tild6164-3162-4439-b735-386161396563/-/resizeb/20x/noroot.png]
[illumika.com/projects/shelter.html]
[static.tildacdn.com/tild6566-3966-4838-b862-653363383731/1_2.png]
[thb.tildacdn.com/tild6566-3966-4838-b862-653363383731/-/resizeb/20x/1_2.png]
[illumika.com/projects/feltx-ripple.html]
[static.tildacdn.com/tild3864-3139-4935-b138-656166333166/Lobby_1.jpg]
[thb.tildacdn.com/tild3864-3139-4935-b138-656166333166/-/resizeb/20x/Lobby_1.jpg]
[illumika.com/projects/urfo.html]
[static.tildacdn.com/tild3633-6532-4638-b933-633932363934/CAM_11_1.jpg]
[thb.tildacdn.com/tild3633-6532-4638-b933-633932363934/-/resizeb/20x/CAM_11_1.jpg]
[illumika.com/projects/rosker.html]
[static.tildacdn.com/tild6436-3234-4566-b339-393335643430/Rosker_orange.jpg]
[thb.tildacdn.com/tild6436-3234-4566-b339-393335643430/-/resizeb/20x/Rosker_orange.jpg]
[illumika.com/projects/kitchenetic.html]
[static.tildacdn.com/tild3532-3233-4366-b234-383336343663/SLIDE_04_2.png]
[thb.tildacdn.com/tild3532-3233-4366-b234-383336343663/-/resizeb/20x/SLIDE_04_2.png]
[illumika.com/projects/pencilmate.html]
[static.tildacdn.com/tild3566-3061-4833-a232-623461653132/FIN1-3.jpg]
[thb.tildacdn.com/tild3566-3061-4833-a232-623461653132/-/resizeb/20x/FIN1-3.jpg]
[illumika.com/projects/protone.html]
[static.tildacdn.com/tild6433-3138-4564-a665-656365363933/photo.jpg]
[thb.tildacdn.com/tild6433-3138-4564-a665-656365363933/-/resizeb/20x/photo.jpg]
[illumika.com/projects/pair-of-96.html]
[static.tildacdn.com/tild6462-6534-4332-a263-633532366137/_.jpg]
[thb.tildacdn.com/tild6462-6534-4332-a263-633532366137/-/resizeb/20x/_.jpg]
[static.tildacdn.com/tild3661-6435-4863-b035-336637316339/V2_V1top.jpg]
[thb.tildacdn.com/tild3661-6435-4863-b035-336637316339/-/resizeb/20x/V2_V1top.jpg]
[illumika.com/projects/bold-hero.html]
[static.tildacdn.com/tild3633-6536-4266-b236-613135353839/hip-hop.jpg]
[thb.tildacdn.com/tild3633-6536-4266-b236-613135353839/-/resizeb/20x/hip-hop.jpg]
[illumika.com/projects/combobiombo.html]
[static.tildacdn.com/tild6638-3634-4866-b564-616461663466/noroot.png]
[thb.tildacdn.com/tild6638-3634-4866-b564-616461663466/-/resizeb/20x/noroot.png]
[illumika.com/projects/furnicloud.html]
[static.tildacdn.com/tild3932-6565-4431-b435-373062646662/_1.jpg]
[thb.tildacdn.com/tild3932-6565-4431-b435-373062646662/-/resizeb/20x/_1.jpg]
[illumika.com/projects.html]
[mc.yandex.ru/metrika/tagaaef.js]
[static.tildacdn.com/tild3039-3961-4264-a661-616232303530/2b08bb53-d581-484d-a.jpg]
[static.tildacdn.com/ws/project4928594/tilda-blocks-page102041636.mind218.css]
[static.tildacdn.com/css/tilda-catalog-1.1.min.css]
[static.tildacdn.com/css/tilda-zoom-2.0.min.css]
[illumika.com/customd218.css]
[static.tildacdn.com/ws/project4928594/tilda-blocks-page102041636.mind218.js]
[static.tildacdn.com/js/tilda-products-1.0.min.js]
[static.tildacdn.com/js/tilda-catalog-1.1.min.js]
[static.tildacdn.com/js/tilda-zoom-2.0.min.js]
[thb.tildacdn.com/tild3566-3136-4233-a161-313435643330/-/resize/20x/mymind-XUlsF9LYeVk-u.png]
[static.tildacdn.com/tild3566-3136-4233-a161-313435643330/mymind-XUlsF9LYeVk-u.png]
[static.tildacdn.com/tild6439-6338-4438-b937-653036386438/13_6.jpg]
[thb.tildacdn.com/tild6439-6338-4438-b937-653036386438/-/resizeb/20x/13_6.jpg]
[static.tildacdn.com/tild3434-3836-4034-a135-373163653837/456256388.jpg]
[thb.tildacdn.com/tild3434-3836-4034-a135-373163653837/-/resizeb/20x/456256388.jpg]
[static.tildacdn.com/tild3335-3834-4464-a133-383866353830/Screenshot_2025-07-1.jpg]
[thb.tildacdn.com/tild3335-3834-4464-a133-383866353830/-/resizeb/20x/Screenshot_2025-07-1.jpg]
[static.tildacdn.com/tild6430-3534-4431-b232-613931363133/456256412.jpg]
[thb.tildacdn.com/tild6430-3534-4431-b232-613931363133/-/resizeb/20x/456256412.jpg]
[static.tildacdn.com/tild3637-3662-4766-a265-376532393738/Screenshot_2025-07-1.jpg]
[thb.tildacdn.com/tild3637-3662-4766-a265-376532393738/-/resizeb/20x/Screenshot_2025-07-1.jpg]
[static.tildacdn.com/tild3534-6165-4236-b864-316665656166/image_152.jpg]
[thb.tildacdn.com/tild3534-6165-4236-b864-316665656166/-/resizeb/20x/image_152.jpg]
[static.tildacdn.com/tild3432-3636-4262-b135-313838313163/8_2.jpg]
[thb.tildacdn.com/tild3432-3636-4262-b135-313838313163/-/resizeb/20x/8_2.jpg]
[static.tildacdn.com/tild3031-3961-4561-b565-323533393865/9_1-1.jpg]
[thb.tildacdn.com/tild3031-3961-4561-b565-323533393865/-/resizeb/20x/9_1-1.jpg]
[static.tildacdn.com/tild3339-6130-4238-b233-383562303932/9_1.jpg]
[thb.tildacdn.com/tild3339-6130-4238-b233-383562303932/-/resizeb/20x/9_1.jpg]
[static.tildacdn.com/tild3334-3138-4163-a332-633839333439/10_31.jpg]
[thb.tildacdn.com/tild3334-3138-4163-a332-633839333439/-/resizeb/20x/10_31.jpg]
[static.tildacdn.com/tild6536-6532-4833-b864-303366363439/12_2.jpg]
[thb.tildacdn.com/tild6536-6532-4833-b864-303366363439/-/resizeb/20x/12_2.jpg]
[static.tildacdn.com/tild6266-6463-4831-b962-396636313062/1.png]
[thb.tildacdn.com/tild6266-6463-4831-b962-396636313062/-/resizeb/20x/1.png]
[static.tildacdn.com/tild3761-3961-4166-b331-313330623530/4.png]
[thb.tildacdn.com/tild3761-3961-4166-b331-313330623530/-/resizeb/20x/4.png]
[static.tildacdn.com/tild3432-3138-4933-a462-356663623366/3.png]
[thb.tildacdn.com/tild3432-3138-4933-a462-356663623366/-/resizeb/20x/3.png]
[static.tildacdn.com/tild3064-3233-4935-b239-383535393465/2.png]
[thb.tildacdn.com/tild3064-3233-4935-b239-383535393465/-/resizeb/20x/2.png]
[static.tildacdn.com/tild6633-3761-4638-b964-343734323834/6.png]
[thb.tildacdn.com/tild6633-3761-4638-b964-343734323834/-/resizeb/20x/6.png]
[static.tildacdn.com/tild3031-6238-4331-a538-393733346434/14_1.jpg]
[thb.tildacdn.com/tild3031-6238-4331-a538-393733346434/-/empty/14_1.png]
[thb.tildacdn.com/tild3031-6238-4331-a538-393733346434/-/resizeb/20x/14_1.jpg]
[static.tildacdn.com/tild6430-3930-4932-b033-653362656563/15_1.jpg]
[thb.tildacdn.com/tild6430-3930-4932-b033-653362656563/-/empty/15_1.png]
[thb.tildacdn.com/tild6430-3930-4932-b033-653362656563/-/resizeb/20x/15_1.jpg]
[static.tildacdn.com/tild6337-3963-4830-a535-646332343734/16_1.jpg]
[thb.tildacdn.com/tild6337-3963-4830-a535-646332343734/-/empty/16_1.png]
[thb.tildacdn.com/tild6337-3963-4830-a535-646332343734/-/resizeb/20x/16_1.jpg]
[static.tildacdn.com/tild3935-3232-4232-b063-643262326231/15.png]
[thb.tildacdn.com/tild3935-3232-4232-b063-643262326231/-/resizeb/20x/15.png]
[static.tildacdn.com/tild3466-6238-4433-b534-646631643138/20.png]
[thb.tildacdn.com/tild3466-6238-4433-b534-646631643138/-/resizeb/20x/20.png]
[static.tildacdn.com/tild6139-3837-4632-b062-366563393237/G8.jpg]
[thb.tildacdn.com/tild6139-3837-4632-b062-366563393237/-/resizeb/20x/G8.jpg]
[static.tildacdn.com/tild3561-3062-4666-b037-333831653935/16.png]
[thb.tildacdn.com/tild3561-3062-4666-b037-333831653935/-/resizeb/20x/16.png]
[static.tildacdn.com/tild3431-3761-4530-a564-633462353237/11.jpg]
[thb.tildacdn.com/tild3431-3761-4530-a564-633462353237/-/resizeb/20x/11.jpg]
[static.tildacdn.com/tild3662-3335-4138-b730-633336313238/Frame_1.svg]
[illumika.com/spa.html]
[static.tildacdn.com/tild6238-3738-4963-b635-623134346365/logo.svg]
[static.tildacdn.com/ws/project4928594/tilda-blocks-page111758856.min8084.css]
[illumika.com/custom8084.css]
[static.tildacdn.com/ws/project4928594/tilda-blocks-page111758856.min8084.js]
[static.tildacdn.com/tild6534-6539-4362-a531-333234653261/image.png]
[thb.tildacdn.com/tild6534-6539-4362-a531-333234653261/-/resizeb/20x/image.png]
[static.tildacdn.com/tild6436-3931-4434-b535-393435393138/image.png]
[thb.tildacdn.com/tild6436-3931-4434-b535-393435393138/-/resizeb/20x/image.png]
[static.tildacdn.com/tild3834-6137-4265-b763-663532363164/photo.png]
[thb.tildacdn.com/tild3834-6137-4265-b763-663532363164/-/empty/photo.png]
[thb.tildacdn.com/tild3834-6137-4265-b763-663532363164/-/resizeb/20x/photo.png]
[static.tildacdn.com/tild6530-6130-4631-a539-396335643062/Group_5848.png]
[thb.tildacdn.com/tild6530-6130-4631-a539-396335643062/-/empty/Group_5848.png]
[thb.tildacdn.com/tild6530-6130-4631-a539-396335643062/-/resizeb/20x/Group_5848.png]
[static.tildacdn.com/tild3137-3035-4533-b432-666435353030/lbubnfk.jpg]
[thb.tildacdn.com/tild3137-3035-4533-b432-666435353030/-/empty/lbubnfk.png]
[thb.tildacdn.com/tild3137-3035-4533-b432-666435353030/-/resizeb/20x/lbubnfk.jpg]
[static.tildacdn.com/tild3162-6532-4266-a464-613264323036/_.jpg]
[thb.tildacdn.com/tild3162-6532-4266-a464-613264323036/-/empty/_.png]
[thb.tildacdn.com/tild3162-6532-4266-a464-613264323036/-/resizeb/20x/_.jpg]
[static.tildacdn.com/tild3365-6534-4063-b538-316365643037/Frame_483440.jpg]
[thb.tildacdn.com/tild3365-6534-4063-b538-316365643037/-/resizeb/20x/Frame_483440.jpg]
[static.tildacdn.com/tild3662-3561-4533-b063-376339356661/Frame_483427.jpg]
[thb.tildacdn.com/tild3662-3561-4533-b063-376339356661/-/resizeb/20x/Frame_483427.jpg]
[static.tildacdn.com/tild3339-3035-4661-b837-393836616563/iPhone_Mockup_1_copy.png]
[thb.tildacdn.com/tild3339-3035-4661-b837-393836616563/-/resizeb/20x/iPhone_Mockup_1_copy.png]
[illumika.com/branding.html]
[mc.yandex.ru/metrika/tagdd0f.js]
[static.tildacdn.com/ws/project4928594/tilda-blocks-page120073306.min9948.css]
[illumika.com/custom9948.css]
[static.tildacdn.com/ws/project4928594/tilda-blocks-page120073306.min9948.js]
[static.tildacdn.com/tild6464-3861-4464-b563-623034323231/2.png]
[thb.tildacdn.com/tild6464-3861-4464-b563-623034323231/-/resizeb/20x/2.png]
[static.tildacdn.com/tild6165-6464-4161-b032-353235643436/7.png]
[thb.tildacdn.com/tild6165-6464-4161-b032-353235643436/-/resizeb/20x/7.png]
[static.tildacdn.com/tild3736-3935-4531-b764-303136323463/4_1.png]
[thb.tildacdn.com/tild3736-3935-4531-b764-303136323463/-/resizeb/20x/4_1.png]
[static.tildacdn.com/tild6532-6662-4036-a530-326438376461/3_1.png]
[thb.tildacdn.com/tild6532-6662-4036-a530-326438376461/-/resizeb/20x/3_1.png]
[static.tildacdn.com/tild3863-6163-4336-b737-393066623036/1_1.png]
[thb.tildacdn.com/tild3863-6163-4336-b737-393066623036/-/resizeb/20x/1_1.png]
[static.tildacdn.com/tild3836-3737-4161-b866-666164633039/1.png]
[thb.tildacdn.com/tild3836-3737-4161-b866-666164633039/-/resizeb/20x/1.png]
[static.tildacdn.com/tild3535-6461-4335-a235-363130353934/4_3.png]
[thb.tildacdn.com/tild3535-6461-4335-a235-363130353934/-/resizeb/20x/4_3.png]
[static.tildacdn.com/tild6135-6531-4061-b234-363466613065/5_.png]
[thb.tildacdn.com/tild6135-6531-4061-b234-363466613065/-/resizeb/20x/5_.png]
[static.tildacdn.com/tild6562-6536-4435-b739-663362343936/2_26.png]
[thb.tildacdn.com/tild6562-6536-4435-b739-663362343936/-/resizeb/20x/2_26.png]
[static.tildacdn.com/tild3732-3537-4232-b831-643563623433/LTC_27_2.png]
[thb.tildacdn.com/tild3732-3537-4232-b831-643563623433/-/resizeb/20x/LTC_27_2.png]
[static.tildacdn.com/tild3934-3965-4630-b230-353764383466/11.png]
[thb.tildacdn.com/tild3934-3965-4630-b230-353764383466/-/resizeb/20x/11.png]
[static.tildacdn.com/tild6136-3638-4639-b934-313438356365/361.png]
[thb.tildacdn.com/tild6136-3638-4639-b934-313438356365/-/resizeb/20x/361.png]
[static.tildacdn.com/tild3637-3839-4065-a334-643338323163/V1front.png]
[thb.tildacdn.com/tild3637-3839-4065-a334-643338323163/-/resizeb/20x/V1front.png]
[static.tildacdn.com/tild3163-6632-4862-a238-626635333864/V2_V1top.png]
[thb.tildacdn.com/tild3163-6632-4862-a238-626635333864/-/resizeb/20x/V2_V1top.png]
[static.tildacdn.com/tild3765-6436-4533-b732-376134646433/IMG_6088_1.png]
[thb.tildacdn.com/tild3765-6436-4533-b732-376134646433/-/resizeb/20x/IMG_6088_1.png]
[static.tildacdn.com/tild3932-3033-4133-b139-616137646461/V2_V1.png]
[thb.tildacdn.com/tild3932-3033-4133-b139-616137646461/-/resizeb/20x/V2_V1.png]
[static.tildacdn.com/tild3331-6438-4131-b365-343535383438/2_1.png]
[thb.tildacdn.com/tild3331-6438-4131-b365-343535383438/-/resizeb/20x/2_1.png]
[static.tildacdn.com/tild3130-6365-4664-a262-663762313231/ecohlor12_1.png]
[thb.tildacdn.com/tild3130-6365-4664-a262-663762313231/-/resizeb/20x/ecohlor12_1.png]
[static.tildacdn.com/tild3362-6262-4963-a339-323564626664/RAINZ_ALL15_4.jpg]
[thb.tildacdn.com/tild3362-6262-4963-a339-323564626664/-/resizeb/20x/RAINZ_ALL15_4.jpg]
[static.tildacdn.com/tild3639-3938-4334-a131-303135613730/RAINZ_ALL27_3.jpg]
[thb.tildacdn.com/tild3639-3938-4334-a131-303135613730/-/resizeb/20x/RAINZ_ALL27_3.jpg]
[static.tildacdn.com/tild3836-3762-4365-b631-373936393735/SLIDE_06.png]
[thb.tildacdn.com/tild3836-3762-4365-b631-373936393735/-/resizeb/20x/SLIDE_06.png]
[static.tildacdn.com/tild3132-3036-4562-a134-326137376339/SLIDE_09.png]
[thb.tildacdn.com/tild3132-3036-4562-a134-326137376339/-/resizeb/20x/SLIDE_09.png]
[static.tildacdn.com/tild6638-6630-4036-a263-373362376363/SLIDE_10.png]
[thb.tildacdn.com/tild6638-6630-4036-a263-373362376363/-/resizeb/20x/SLIDE_10.png]
[static.tildacdn.com/tild3662-6432-4337-b234-613739336430/SLIDE_05.png]
[thb.tildacdn.com/tild3662-6432-4337-b234-613739336430/-/resizeb/20x/SLIDE_05.png]
[static.tildacdn.com/tild3239-3364-4664-a336-306336653762/SLIDE_02.png]
[thb.tildacdn.com/tild3239-3364-4664-a336-306336653762/-/resizeb/20x/SLIDE_02.png]
[static.tildacdn.com/tild3439-6330-4930-a632-396564383033/SLIDE_14.png]
[thb.tildacdn.com/tild3439-6330-4930-a632-396564383033/-/resizeb/20x/SLIDE_14.png]
[static.tildacdn.com/tild6666-6534-4364-b465-336231323261/52935.jpg]
[thb.tildacdn.com/tild6666-6534-4364-b465-336231323261/-/resizeb/20x/52935.jpg]
[static.tildacdn.com/tild6639-3439-4466-b130-356630633636/52928.jpg]
[thb.tildacdn.com/tild6639-3439-4466-b130-356630633636/-/resizeb/20x/52928.jpg]
[static.tildacdn.com/tild3439-3263-4862-b932-373664303837/52927.jpg]
[thb.tildacdn.com/tild3439-3263-4862-b932-373664303837/-/resizeb/20x/52927.jpg]
[static.tildacdn.com/tild6463-6266-4364-b164-396663393633/52930.jpg]
[thb.tildacdn.com/tild6463-6266-4364-b164-396663393633/-/resizeb/20x/52930.jpg]
[static.tildacdn.com/tild6434-3562-4866-b065-646363663138/52918.png]
[thb.tildacdn.com/tild6434-3562-4866-b065-646363663138/-/resizeb/20x/52918.png]
[static.tildacdn.com/tild3933-3036-4533-b939-633736393539/52932.jpg]
[thb.tildacdn.com/tild3933-3036-4533-b939-633736393539/-/resizeb/20x/52932.jpg]
[static.tildacdn.com/tild6138-3432-4266-a138-373061626333/52934.jpg]
[thb.tildacdn.com/tild6138-3432-4266-a138-373061626333/-/resizeb/20x/52934.jpg]
[static.tildacdn.com/tild6663-6537-4835-b932-623138303033/_.jpg]
[thb.tildacdn.com/tild6663-6537-4835-b932-623138303033/-/empty/_.png]
[thb.tildacdn.com/tild6663-6537-4835-b932-623138303033/-/resizeb/20x/_.jpg]
[static.tildacdn.com/tild6333-3232-4263-a162-336564666136/profkon_.jpg]
[thb.tildacdn.com/tild6333-3232-4263-a162-336564666136/-/empty/profkon_.png]
[thb.tildacdn.com/tild6333-3232-4263-a162-336564666136/-/resizeb/20x/profkon_.jpg]
[static.tildacdn.com/tild6230-3766-4261-b464-383430636639/photo.jpg]
[thb.tildacdn.com/tild6230-3766-4261-b464-383430636639/-/empty/photo.png]
[thb.tildacdn.com/tild6230-3766-4261-b464-383430636639/-/resizeb/20x/photo.jpg]
[static.tildacdn.com/tild6135-3765-4062-b161-363366346663/2.jpg]
[thb.tildacdn.com/tild6135-3765-4062-b161-363366346663/-/empty/2.png]
[thb.tildacdn.com/tild6135-3765-4062-b161-363366346663/-/resizeb/20x/2.jpg]
[static.tildacdn.com/tild3131-3661-4637-a437-303763303266/complex2.png]
[thb.tildacdn.com/tild3131-3661-4637-a437-303763303266/-/empty/complex2.png]
[thb.tildacdn.com/tild3131-3661-4637-a437-303763303266/-/resizeb/20x/complex2.png]
[static.tildacdn.com/tild3437-6662-4362-a335-363636323637/photo.png]
[thb.tildacdn.com/tild3437-6662-4362-a335-363636323637/-/resizeb/20x/photo.png]
[static.tildacdn.com/tild3938-6566-4734-b936-313565636130/___1.png]
[thb.tildacdn.com/tild3938-6566-4734-b936-313565636130/-/resizeb/20x/___1.png]
[static.tildacdn.com/tild3566-3235-4633-b761-316663393262/photo.png]
[thb.tildacdn.com/tild3566-3235-4633-b761-316663393262/-/resizeb/20x/photo.png]
[static.tildacdn.com/tild6531-6635-4362-b663-386334663237/cover.png]
[thb.tildacdn.com/tild6531-6635-4362-b663-386334663237/-/resizeb/20x/cover.png]
[illumika.com/prom.html]
[mc.yandex.ru/metrika/taga3bd.js]
[static.tildacdn.com/ws/project4928594/tilda-blocks-page118152036.min8fde.css]
[illumika.com/custom8fde.css]
[static.tildacdn.com/ws/project4928594/tilda-blocks-page118152036.min8fde.js]
[static.tildacdn.com/tild3162-3565-4666-b663-316361383930/image_1703.png]
[thb.tildacdn.com/tild3162-3565-4666-b663-316361383930/-/resizeb/20x/image_1703.png]
[static.tildacdn.com/tild3336-3830-4836-a265-646130613832/office_1.png]
[thb.tildacdn.com/tild3336-3830-4836-a265-646130613832/-/resizeb/20x/office_1.png]
[static.tildacdn.com/tild3061-3635-4366-b062-663633343937/1068302574.png]
[thb.tildacdn.com/tild3061-3635-4366-b062-663633343937/-/resizeb/20x/1068302574.png]
[static.tildacdn.com/tild3334-6461-4037-a633-393162666438/1068302577.png]
[thb.tildacdn.com/tild3334-6461-4037-a633-393162666438/-/resizeb/20x/1068302577.png]
[static.tildacdn.com/tild3366-3466-4631-a533-396238643136/1068302580.png]
[thb.tildacdn.com/tild3366-3466-4631-a533-396238643136/-/resizeb/20x/1068302580.png]
[static.tildacdn.com/tild6430-6236-4333-a432-363161393561/03_Interactive_Light.jpg]
[thb.tildacdn.com/tild6430-6236-4333-a432-363161393561/-/resizeb/20x/03_Interactive_Light.jpg]
[static.tildacdn.com/tild3464-6238-4730-b662-333336656566/04.jpg]
[thb.tildacdn.com/tild3464-6238-4730-b662-333336656566/-/resizeb/20x/04.jpg]
[static.tildacdn.com/tild3363-3534-4636-b537-616666343437/01.jpg]
[thb.tildacdn.com/tild3363-3534-4636-b537-616666343437/-/resizeb/20x/01.jpg]
[static.tildacdn.com/tild3264-3238-4266-a265-353939306632/Slide_16_9_-_117.jpg]
[thb.tildacdn.com/tild3264-3238-4266-a265-353939306632/-/resizeb/20x/Slide_16_9_-_117.jpg]
[static.tildacdn.com/tild6462-6566-4630-b532-396365343266/Slide_16_9_-_118.jpg]
[thb.tildacdn.com/tild6462-6566-4630-b532-396365343266/-/resizeb/20x/Slide_16_9_-_118.jpg]
[static.tildacdn.com/tild3263-3264-4435-a433-306366656430/Slide_16_9_-_116.jpg]
[thb.tildacdn.com/tild3263-3264-4435-a433-306366656430/-/resizeb/20x/Slide_16_9_-_116.jpg]
[static.tildacdn.com/tild6234-6164-4338-a163-663165616163/ComfyUI_00131__3.jpg]
[thb.tildacdn.com/tild6234-6164-4338-a163-663165616163/-/resizeb/20x/ComfyUI_00131__3.jpg]
[static.tildacdn.com/tild3166-6433-4365-a632-373435333134/image.png]
[thb.tildacdn.com/tild3166-6433-4365-a632-373435333134/-/resizeb/20x/image.png]
[static.tildacdn.com/tild6463-6334-4538-a432-616139623662/image.jpg]
[thb.tildacdn.com/tild6463-6334-4538-a432-616139623662/-/resizeb/20x/image.jpg]
[static.tildacdn.com/tild3036-6164-4236-a265-353239386261/devka_3.jpg]
[thb.tildacdn.com/tild3036-6164-4236-a265-353239386261/-/resizeb/20x/devka_3.jpg]
[static.tildacdn.com/tild3362-3131-4131-b833-373064336433/SQUAREpanda_4.jpg]
[thb.tildacdn.com/tild3362-3131-4131-b833-373064336433/-/resizeb/20x/SQUAREpanda_4.jpg]
[static.tildacdn.com/tild6131-6631-4430-b462-393061656530/photo.png]
[thb.tildacdn.com/tild6131-6631-4430-b462-393061656530/-/empty/photo.png]
[thb.tildacdn.com/tild6131-6631-4430-b462-393061656530/-/resizeb/20x/photo.png]
[static.tildacdn.com/tild6639-3164-4264-a434-613138303165/Group_5854.png]
[thb.tildacdn.com/tild6639-3164-4264-a434-613138303165/-/empty/Group_5854.png]
[thb.tildacdn.com/tild6639-3164-4264-a434-613138303165/-/resizeb/20x/Group_5854.png]
[static.tildacdn.com/tild3736-6163-4163-b138-623765313438/Frame_483426.jpg]
[thb.tildacdn.com/tild3736-6163-4163-b138-623765313438/-/resizeb/20x/Frame_483426.jpg]
[static.tildacdn.com/tild3561-3738-4930-a463-366332616239/03_Interactive_Light.png]
[thb.tildacdn.com/tild3561-3738-4930-a463-366332616239/-/resizeb/20x/03_Interactive_Light.png]
[static.tildacdn.com/tild6662-3463-4063-a661-386437636139/24_1.png]
[thb.tildacdn.com/tild6662-3463-4063-a661-386437636139/-/resizeb/20x/24_1.png]
[static.tildacdn.com/tild3632-3265-4264-b563-613836353964/Frame_483427.jpg]
[thb.tildacdn.com/tild3632-3265-4264-b563-613836353964/-/resizeb/20x/Frame_483427.jpg]
[static.tildacdn.com/tild3365-6536-4637-b762-386263333437/G9.jpg]
[thb.tildacdn.com/tild3365-6536-4637-b762-386263333437/-/resizeb/20x/G9.jpg]
[illumika.com/archpro.html]
[mc.yandex.ru/metrika/tag8b78.js]
[static.tildacdn.com/ws/project4928594/tilda-blocks-page132748906.minfbf2.css]
[illumika.com/customfbf2.css]
[illumika.com/privacy-policy.html]
[static.tildacdn.com/tild3364-3234-4332-b733-656330633263/111123.svg]
[static.tildacdn.com/tild3365-6265-4037-b061-656632666664/111123.svg]
[static.tildacdn.com/css/tilda-grid-3.0.min.css]
[static.tildacdn.com/ws/project4928594/tilda-blocks-page132748906.minfbf2.js]
[static.tildacdn.com/tild6462-3861-4038-b463-313334316166/TTNormsPro-Light.woff]
[static.tildacdn.com/tild6432-6466-4531-b263-363764383561/MakiSans-Regular.woff]
[static.tildacdn.com/tild6432-3638-4461-a134-626633303635/Nekst-Light.woff]
[static.tildacdn.com/tild3038-3232-4737-a166-373332303363/Nekst-Regular.woff]
[static.tildacdn.com/tild3937-6536-4333-a537-353639356435/Nekst-Medium.woff]
[static.tildacdn.com/tild3136-6563-4737-b030-623463313538/Nekst-SemiBold.woff]
[static.tildacdn.com/tild6336-6334-4163-b731-343961336363/Nekst-Bold.woff]
[static.tildacdn.com/tild6432-3532-4430-b238-653761353036/HS_LunaObscura.woff]
[static.tildacdn.com/ws/project4928594/tilda-blocks-page142705476.min456f.css]
[static.tildacdn.com/css/tilda-animation-2.0.min.css]
[static.tildacdn.com/css/tilda-popup-1.1.min.css]
[static.tildacdn.com/css/tilda-quiz-form-1.1.min.css]
[static.tildacdn.com/css/tilda-forms-1.0.min.css]
[illumika.com/custom456f.css]
[cdn.illumika.com/site/css/site_css_vanta-init.v1.css]
[cdn.illumika.com/site/css/site_css_video-fix.v1.css]
[cdn.illumika.com/site/css/site_css_words-anim.v1.css]
[cdn.illumika.com/site/css/site_css_headline-anim.v3.css]
[static.tildacdn.com/tild3731-6631-4730-b465-393232356436/TTNormsPro-Medium.woff]
[illumika.com/THREE.LensFlare has been moved to/examples/jsm/objects/Lensflare.js]
[illumika.com/THREE.SceneUtils has been moved to/examples/jsm/utils/SceneUtils.js]
[cdn.illumika.com/site/libs/site_libs_three.min.js]
[cdn.illumika.com/site/libs/site_libs_vanta.fog.min.js]
[cdn.illumika.com/site/js/site_js_vanta-init.v1.js]
[cdn.illumika.com/site/js/site_js_neon-button.v1.js]
[cdn.illumika.com/site/js/site_js_spa-glow.v1.js]
[cdn.illumika.com/site/js/site_js_video-fix.v1.js]
[cdn.illumika.com/site/js/site_js_words-anim.v1.js]
[cdn.illumika.com/site/js/site_js_headline-anim.v3.js]
[cdn.illumika.com/site/js/site_js_smooth-scroll.v2.js]
[cdn.illumika.com/site/js/site_js_popup-fix.v1.js]
[static.tildacdn.com/tild3737-3162-4437-b466-303961633437/logo_icon.svg]
[static.tildacdn.com/tild3763-3062-4664-a536-653635393737/Group_451.svg]
[static.tildacdn.com/css/tilda-contact-method-1.0.min.css]
[static.tildacdn.com/tild3837-3036-4761-b464-373035663038/photo.svg]
[static.tildacdn.com/ws/project4928594/tilda-blocks-page131757346.min4e24.css]
[static.tildacdn.com/css/tilda-cover-1.0.min.css]
[static.tildacdn.com/css/tilda-slds-1.4.min.css]
[static.tildacdn.com/css/tilda-cards-1.0.min.css]
[illumika.com/custom4e24.css]
[cdn.illumika.com/site/css/site_css_spa-glow.v1.css]
[illumika.com/tilda-scripts-3.0.min.js]
[illumika.com/tilda-members-scripts.min.js]
[cdn.illumika.com/site/libs/site_libs_mods.min.js]
[illumika.com/projects/projects/open]
[illumika.com/projects/index.html]
[static.tildacdn.com/tild3331-6634-4630-b666-336337363036/__.svg]
[static.tildacdn.com/tild6630-3761-4134-a139-363662633363/open_badge.jpg]
[illumika.com/projects/OPR/index.html]
[static.tildacdn.com/tild3733-3964-4432-b830-363234386339/favicon.ico]
[static.tildacdn.com/tild3836-3134-4538-a431-653534623138/Favicon_apple.png]
[static.tildacdn.com/tild3862-3236-4162-b562-306364316165/Favicon_Win10.png]
[static.tildacdn.com/ws/project4928594/tilda-blocks-page35835759.min14d4.css]
[static.tildacdn.com/ws/project4928594/tilda-blocks-page35835759.min14d4.js]
[static.tildacdn.com/js/tilda-zero-tooltip-1.0.min.js]
[static.tildacdn.com/tild3361-3933-4337-b465-393435363739/illumika_logo_hover-.svg]
[static.tildacdn.com/tild6236-6435-4235-a366-333935333361/Language-05_Converte.svg]
[static.tildacdn.com/tild3162-6132-4636-b164-393664616139/Logo_mobile_menu.png]
[static.tildacdn.com/tild3537-6165-4462-a364-343263303763/03_Interactive_Light.jpg]
[static.tildacdn.com/tild6464-3736-4461-b139-616361343566/04__.jpg]
[static.tildacdn.com/tild6463-3464-4163-a563-323562353034/social_media_white_f.png]
[static.tildacdn.com/tild6136-3931-4761-a262-633133653662/social_media_white_f.png]
[static.tildacdn.com/tild3536-3861-4632-b339-373363386432/social_media_white_f.png]
[illumika.com/projects/open.html]
[static.tildacdn.com/tild3638-3734-4363-a364-303230636261/_.jpg]
[static.tildacdn.com/ws/project4928594/tilda-blocks-page124315076.mina7a0.css]
[illumika.com/customa7a0.css]
[static.tildacdn.com/ws/project4928594/tilda-blocks-page124315076.mina7a0.js]
[thb.tildacdn.com/tild6463-6639-4765-b836-353631383334/-/resize/20x/photo.png]
[static.tildacdn.com/tild6463-6639-4765-b836-353631383334/photo.png]
[thb.tildacdn.com/tild3431-3761-4530-a564-633462353237/-/empty/11.png]
[static.tildacdn.com/tild3837-3030-4136-b330-363735353063/image_2063.jpg]
[thb.tildacdn.com/tild3837-3030-4136-b330-363735353063/-/empty/image_2063.png]
[thb.tildacdn.com/tild3837-3030-4136-b330-363735353063/-/resizeb/20x/image_2063.jpg]
[thb.tildacdn.com/tild3031-3961-4561-b565-323533393865/-/empty/9_1-1.png]
[static.tildacdn.com/tild6636-3937-4536-b366-386363323435/_.jpg]
[thb.tildacdn.com/tild6636-3937-4536-b366-386363323435/-/resizeb/20x/_.jpg]
[static.tildacdn.com/tild3431-3063-4035-b838-643635383634/photo.jpg]
[thb.tildacdn.com/tild3431-3063-4035-b838-643635383634/-/resizeb/20x/photo.jpg]
[static.tildacdn.com/tild3435-3539-4131-a338-313032366339/photo.jpg]
[thb.tildacdn.com/tild3435-3539-4131-a338-313032366339/-/resizeb/20x/photo.jpg]
[static.tildacdn.com/tild3034-3964-4736-b462-663639393632/__1.jpg]
[thb.tildacdn.com/tild3034-3964-4736-b462-663639393632/-/resizeb/20x/__1.jpg]
[static.tildacdn.com/tild3063-6563-4661-a534-626266663837/_1.jpg]
[thb.tildacdn.com/tild3063-6563-4661-a534-626266663837/-/resizeb/20x/_1.jpg]
[static.tildacdn.com/tild6434-3736-4263-b466-303637356136/_.jpg]
[thb.tildacdn.com/tild6434-3736-4263-b466-303637356136/-/resizeb/20x/_.jpg]
[thb.tildacdn.com/tild6536-6532-4833-b864-303366363439/-/empty/12_2.png]
[static.tildacdn.com/tild6431-6263-4263-a537-343632363634/_.png]
[thb.tildacdn.com/tild6431-6263-4263-a537-343632363634/-/resizeb/20x/_.png]
[static.tildacdn.com/tild3232-6562-4136-b632-633364366261/__1.jpg]
[thb.tildacdn.com/tild3232-6562-4136-b632-633364366261/-/resizeb/20x/__1.jpg]
[static.tildacdn.com/tild6237-3638-4330-a166-633434666136/_1.jpg]
[thb.tildacdn.com/tild6237-3638-4330-a166-633434666136/-/resizeb/20x/_1.jpg]
[static.tildacdn.com/tild3131-3732-4339-b861-653333313436/1_1.jpg]
[thb.tildacdn.com/tild3131-3732-4339-b861-653333313436/-/resizeb/20x/1_1.jpg]
[static.tildacdn.com/tild3163-6233-4566-a139-363964643263/_1.jpg]
[thb.tildacdn.com/tild3163-6233-4566-a139-363964643263/-/resizeb/20x/_1.jpg]
[static.tildacdn.com/tild6437-6366-4062-b832-326234306366/photo.jpg]
[thb.tildacdn.com/tild6437-6366-4062-b832-326234306366/-/resizeb/20x/photo.jpg]
[static.tildacdn.com/tild3135-6663-4131-b539-303038393939/9_1.jpg]
[thb.tildacdn.com/tild3135-6663-4131-b539-303038393939/-/empty/9_1.png]
[thb.tildacdn.com/tild3135-6663-4131-b539-303038393939/-/resizeb/20x/9_1.jpg]
[illumika.com/projects/baden.html]
[mc.yandex.ru/metrika/tagdc57.js]
[static.tildacdn.com/tild6537-6564-4030-a363-303535376631/RAINZ_04_1-Resize_1.jpg]
[static.tildacdn.com/ws/project4928594/tilda-blocks-page128264236.mina7a0.css]
[static.tildacdn.com/ws/project4928594/tilda-blocks-page128264236.mina7a0.js]
[illumika.com/projects/rainz/OPR/index.html]
[thb.tildacdn.com/tild6537-6564-4030-a363-303535376631/-/resize/20x/RAINZ_04_1-Resize_1.jpg]
[static.tildacdn.com/tild3234-6332-4633-b162-333231663566/Group_46.jpg]
[thb.tildacdn.com/tild3234-6332-4633-b162-333231663566/-/empty/Group_46.png]
[thb.tildacdn.com/tild3234-6332-4633-b162-333231663566/-/resizeb/20x/Group_46.jpg]
[static.tildacdn.com/tild6636-3263-4439-a438-343762653863/image_21226_2.jpg]
[thb.tildacdn.com/tild6636-3263-4439-a438-343762653863/-/empty/image_21226_2.png]
[thb.tildacdn.com/tild6636-3263-4439-a438-343762653863/-/resizeb/20x/image_21226_2.jpg]
[static.tildacdn.com/tild3533-3064-4166-a435-343232383861/Group_45.jpg]
[thb.tildacdn.com/tild3533-3064-4166-a435-343232383861/-/empty/Group_45.png]
[thb.tildacdn.com/tild3533-3064-4166-a435-343232383861/-/resizeb/20x/Group_45.jpg]
[thb.tildacdn.com/tild3739-3838-4166-a533-313366333566/-/empty/Group_44-Resize.png]
[static.tildacdn.com/tild6264-3330-4935-b033-653039343934/image_2153-Resize_.jpg]
[thb.tildacdn.com/tild6264-3330-4935-b033-653039343934/-/empty/image_2153-Resize_.png]
[thb.tildacdn.com/tild6264-3330-4935-b033-653039343934/-/resizeb/20x/image_2153-Resize_.jpg]
[static.tildacdn.com/tild6462-6633-4663-a566-323737653034/image_2091-Resize.jpg]
[thb.tildacdn.com/tild6462-6633-4663-a566-323737653034/-/resizeb/20x/image_2091-Resize.jpg]
[static.tildacdn.com/tild3137-6564-4566-b135-306430666331/Rectangle_138-Resize.jpg]
[thb.tildacdn.com/tild3137-6564-4566-b135-306430666331/-/resizeb/20x/Rectangle_138-Resize.jpg]
[static.tildacdn.com/tild6530-6336-4835-b934-623164613034/Rectangle_137-Resize.jpg]
[thb.tildacdn.com/tild6530-6336-4835-b934-623164613034/-/resizeb/20x/Rectangle_137-Resize.jpg]
[illumika.com/projects/rainz/office.html]
[mc.yandex.ru/metrika/tage2ea.js]
[static.tildacdn.com/tild6636-6663-4163-b063-636666373839/The_bridge_badge.jpg]
[static.tildacdn.com/ws/project4928594/tilda-blocks-page36046315.min14d4.css]
[static.tildacdn.com/ws/project4928594/tilda-blocks-page36046315.min14d4.js]
[static.tildacdn.com/tild3766-3564-4338-a230-333730653161/1_copy.jpg]
[static.tildacdn.com/tild6138-6266-4231-b964-383037643531/2_copy.jpg]
[illumika.com/projects/the-bridge.html]
[static.tildacdn.com/tild6661-3838-4561-b834-363661616238/Circulum_badge.jpg]
[static.tildacdn.com/ws/project4928594/tilda-blocks-page36696945.min14d4.css]
[static.tildacdn.com/ws/project4928594/tilda-blocks-page36696945.min14d4.js]
[static.tildacdn.com/tild6630-3531-4966-a435-333831303130/Pic_1.jpg]
[static.tildacdn.com/tild3833-6334-4662-a330-653266353036/IMG_1358_2-min.jpg]
[static.tildacdn.com/tild6366-3564-4461-b362-356432623165/IMG_1322-min_1.jpg]
[static.tildacdn.com/tild3638-6263-4230-a235-303062373362/IMG_1331-min.jpg]
[static.tildacdn.com/tild6164-3864-4339-b130-646265363863/IMG_1349-min.jpg]
[illumika.com/projects/circulum.html]
[static.tildacdn.com/tild3234-3566-4438-a436-353937343163/Grozny_200_badge.jpg]
[static.tildacdn.com/ws/project4928594/tilda-blocks-page36038957.min14d4.css]
[static.tildacdn.com/ws/project4928594/tilda-blocks-page36038957.min14d4.js]
[static.tildacdn.com/tild3963-6536-4635-a334-303864636131/Mount.jpg]
[static.tildacdn.com/tild6361-3038-4361-a264-326338363739/tower.gif]
[illumika.com/projects/grozny200.html]
[static.tildacdn.com/tild6464-3966-4863-b936-343239656266/Port_badge.jpg]
[static.tildacdn.com/ws/project4928594/tilda-blocks-page37776966.min14d4.css]
[static.tildacdn.com/ws/project4928594/tilda-blocks-page37776966.min14d4.js]
[static.tildacdn.com/tild3561-3437-4331-a137-363434623931/012_Interactive_Ligh.jpg]
[static.tildacdn.com/tild6262-6230-4132-b266-373661363765/container_design-min.jpg]
[static.tildacdn.com/tild6566-6133-4131-b962-366362393539/View_eye_1-min.jpg]
[static.tildacdn.com/tild6337-3332-4832-b863-653530653934/Logo_process-02.png]
[illumika.com/projects/hotel-port.html]
[static.tildacdn.com/tild3265-3464-4363-b434-623764303235/6.png]
[static.tildacdn.com/ws/project4928594/tilda-blocks-page128886926.mina7a0.css]
[static.tildacdn.com/ws/project4928594/tilda-blocks-page128886926.mina7a0.js]
[thb.tildacdn.com/tild3265-3464-4363-b434-623764303235/-/resize/20x/6.png]
[static.tildacdn.com/tild3038-3432-4937-a534-366136383166/image_2055.jpg]
[thb.tildacdn.com/tild3038-3432-4937-a534-366136383166/-/empty/image_2055.png]
[thb.tildacdn.com/tild3038-3432-4937-a534-366136383166/-/resizeb/20x/image_2055.jpg]
[static.tildacdn.com/tild6131-6564-4664-a432-623132396364/photo.jpg]
[thb.tildacdn.com/tild6131-6564-4664-a432-623132396364/-/empty/photo.png]
[thb.tildacdn.com/tild6131-6564-4664-a432-623132396364/-/resizeb/20x/photo.jpg]
[static.tildacdn.com/tild3061-6164-4737-b236-643937636135/noroot.png]
[thb.tildacdn.com/tild3061-6164-4737-b236-643937636135/-/empty/noroot.png]
[thb.tildacdn.com/tild3061-6164-4737-b236-643937636135/-/resizeb/20x/noroot.png]
[static.tildacdn.com/tild3535-6638-4734-a162-306563353134/1111.png]
[thb.tildacdn.com/tild3535-6638-4734-a162-306563353134/-/empty/1111.png]
[thb.tildacdn.com/tild3535-6638-4734-a162-306563353134/-/resizeb/20x/1111.png]
[static.tildacdn.com/tild3133-3036-4361-b932-326235336332/G9.jpg]
[thb.tildacdn.com/tild3133-3036-4361-b932-326235336332/-/resizeb/20x/G9.jpg]
[static.tildacdn.com/tild3334-6535-4637-b062-393264616562/456256386.jpg]
[thb.tildacdn.com/tild3334-6535-4637-b062-393264616562/-/resizeb/20x/456256386.jpg]
[static.tildacdn.com/tild3233-6361-4638-b234-346365303864/13_6.jpg]
[thb.tildacdn.com/tild3233-6361-4638-b234-346365303864/-/resizeb/20x/13_6.jpg]
[static.tildacdn.com/tild3532-6165-4532-b030-366430353032/456256388.jpg]
[thb.tildacdn.com/tild3532-6165-4532-b030-366430353032/-/resizeb/20x/456256388.jpg]
[static.tildacdn.com/tild6362-3364-4035-b262-663762343364/17.png]
[thb.tildacdn.com/tild6362-3364-4035-b262-663762343364/-/resizeb/20x/17.png]
[static.tildacdn.com/tild3833-6336-4161-b661-323766323963/image_3.jpg]
[thb.tildacdn.com/tild3833-6336-4161-b661-323766323963/-/empty/image_3.png]
[thb.tildacdn.com/tild3833-6336-4161-b661-323766323963/-/resizeb/20x/image_3.jpg]
[static.tildacdn.com/tild3263-3264-4031-a564-653633633932/0nNSZ3bW0lI_1_3.jpg]
[thb.tildacdn.com/tild3263-3264-4031-a564-653633633932/-/resizeb/20x/0nNSZ3bW0lI_1_3.jpg]
[static.tildacdn.com/tild6631-3465-4236-a162-326538353330/image_2058-Resize_1.jpg]
[thb.tildacdn.com/tild6631-3465-4236-a162-326538353330/-/resizeb/20x/image_2058-Resize_1.jpg]
[static.tildacdn.com/tild6239-3866-4332-a563-666337383737/image_2064-Resize_1.jpg]
[thb.tildacdn.com/tild6239-3866-4332-a563-666337383737/-/resizeb/20x/image_2064-Resize_1.jpg]
[static.tildacdn.com/tild3334-3565-4063-a661-333832343430/image_2068-Resize_1.jpg]
[thb.tildacdn.com/tild3334-3565-4063-a661-333832343430/-/resizeb/20x/image_2068-Resize_1.jpg]
[static.tildacdn.com/tild3363-3231-4330-b032-626138326436/noroot.png]
[thb.tildacdn.com/tild3363-3231-4330-b032-626138326436/-/resizeb/20x/noroot.png]
[static.tildacdn.com/tild3837-3538-4561-a265-353636346134/0nNSZ3bW0lI.jpg]
[thb.tildacdn.com/tild3837-3538-4561-a265-353636346134/-/resizeb/20x/0nNSZ3bW0lI.jpg]
[illumika.com/projects/bereg.html]
[mc.yandex.ru/metrika/tag7dc6.js]
[static.tildacdn.com/ws/project4928594/tilda-blocks-page131217186.mina7a0.css]
[static.tildacdn.com/ws/project4928594/tilda-blocks-page131217186.mina7a0.js]
[static.tildacdn.com/tild3138-6539-4462-b639-306234356363/Group_30.jpg]
[thb.tildacdn.com/tild3138-6539-4462-b639-306234356363/-/empty/Group_30.png]
[thb.tildacdn.com/tild3138-6539-4462-b639-306234356363/-/resizeb/20x/Group_30.jpg]
[static.tildacdn.com/tild6462-6164-4538-b233-333831353437/Rectangle_23.jpg]
[thb.tildacdn.com/tild6462-6164-4538-b233-333831353437/-/empty/Rectangle_23.png]
[thb.tildacdn.com/tild6462-6164-4538-b233-333831353437/-/resizeb/20x/Rectangle_23.jpg]
[static.tildacdn.com/tild3833-3537-4865-b539-326332316238/image_1854.jpg]
[thb.tildacdn.com/tild3833-3537-4865-b539-326332316238/-/empty/image_1854.png]
[thb.tildacdn.com/tild3833-3537-4865-b539-326332316238/-/resizeb/20x/image_1854.jpg]
[static.tildacdn.com/tild6235-3963-4435-b232-333865646461/Group_32.jpg]
[thb.tildacdn.com/tild6235-3963-4435-b232-333865646461/-/resizeb/20x/Group_32.jpg]
[static.tildacdn.com/tild6433-3732-4135-a461-343131653933/Group_31.jpg]
[thb.tildacdn.com/tild6433-3732-4135-a461-343131653933/-/resizeb/20x/Group_31.jpg]
[static.tildacdn.com/tild3863-3735-4364-b334-323830306165/image_1856_1.jpg]
[thb.tildacdn.com/tild3863-3735-4364-b334-323830306165/-/empty/image_1856_1.png]
[thb.tildacdn.com/tild3863-3735-4364-b334-323830306165/-/resizeb/20x/image_1856_1.jpg]
[static.tildacdn.com/tild6363-3331-4436-b262-393235376636/noroot.png]
[thb.tildacdn.com/tild6363-3331-4436-b262-393235376636/-/resizeb/20x/noroot.png]
[static.tildacdn.com/tild3734-3632-4536-a331-386532316464/noroot.png]
[thb.tildacdn.com/tild3734-3632-4536-a331-386532316464/-/resizeb/20x/noroot.png]
[static.tildacdn.com/tild3161-6137-4339-b666-366437623534/noroot.png]
[thb.tildacdn.com/tild3161-6137-4339-b666-366437623534/-/resizeb/20x/noroot.png]
[static.tildacdn.com/tild6538-3763-4665-b836-653139636330/Group_44.jpg]
[thb.tildacdn.com/tild6538-3763-4665-b836-653139636330/-/resizeb/20x/Group_44.jpg]
[static.tildacdn.com/tild6634-6663-4536-b434-353464326138/Group_39.jpg]
[thb.tildacdn.com/tild6634-6663-4536-b434-353464326138/-/resizeb/20x/Group_39.jpg]
[static.tildacdn.com/tild6238-3664-4631-b437-643530323633/Group_40.jpg]
[thb.tildacdn.com/tild6238-3664-4631-b437-643530323633/-/resizeb/20x/Group_40.jpg]
[static.tildacdn.com/tild6563-3466-4134-b264-353338626336/image_1844.jpg]
[thb.tildacdn.com/tild6563-3466-4134-b264-353338626336/-/empty/image_1844.png]
[thb.tildacdn.com/tild6563-3466-4134-b264-353338626336/-/resizeb/20x/image_1844.jpg]
[static.tildacdn.com/tild3533-3835-4666-b132-613136303666/Group_36.jpg]
[thb.tildacdn.com/tild3533-3835-4666-b132-613136303666/-/resizeb/20x/Group_36.jpg]
[static.tildacdn.com/tild3230-3237-4263-a230-663763363134/Group_35.jpg]
[thb.tildacdn.com/tild3230-3237-4263-a230-663763363134/-/resizeb/20x/Group_35.jpg]
[static.tildacdn.com/tild3964-3939-4030-a637-383732323461/34.jpg]
[thb.tildacdn.com/tild3964-3939-4030-a637-383732323461/-/resizeb/20x/34.jpg]
[static.tildacdn.com/tild3263-6632-4238-b839-653031316433/Group_45.jpg]
[thb.tildacdn.com/tild3263-6632-4238-b839-653031316433/-/empty/Group_45.png]
[thb.tildacdn.com/tild3263-6632-4238-b839-653031316433/-/resizeb/20x/Group_45.jpg]
[illumika.com/projects/re-block.html]
[mc.yandex.ru/metrika/tag6830.js]
[static.tildacdn.com/tild6464-3330-4530-b762-363837376631/Z_house_badge.jpg]
[static.tildacdn.com/ws/project4928594/tilda-blocks-page36079847.min14d4.css]
[static.tildacdn.com/ws/project4928594/tilda-blocks-page36079847.min14d4.js]
[static.tildacdn.com/tild3963-3465-4361-a163-343132353937/cover_1_copy.jpg]
[static.tildacdn.com/tild3837-6633-4434-b061-663665373266/09-min.jpg]
[illumika.com/projects/z-house.html]
[static.tildacdn.com/tild6564-3034-4064-a363-666361653036/The_Flow_badge.jpg]
[static.tildacdn.com/ws/project4928594/tilda-blocks-page36068269.min14d4.css]
[static.tildacdn.com/ws/project4928594/tilda-blocks-page36068269.min14d4.js]
[static.tildacdn.com/tild6361-3836-4663-b233-323931323165/1-07_copy.jpg]
[static.tildacdn.com/tild3564-6561-4061-a132-336665353438/1-02_copy.jpg]
[illumika.com/projects/the-flow.html]
[static.tildacdn.com/tild3661-3861-4138-b935-336336663434/3.jpg]
[static.tildacdn.com/ws/project4928594/tilda-blocks-page127411136.mina7a0.css]
[static.tildacdn.com/ws/project4928594/tilda-blocks-page127411136.mina7a0.js]
[thb.tildacdn.com/tild3661-3861-4138-b935-336336663434/-/resize/20x/3.jpg]
[static.tildacdn.com/tild3334-3530-4637-a436-326632313835/typeexpo_1.jpg]
[illumika.com/projects/ledvizor/OPR/index.html]
[thb.tildacdn.com/tild3334-3530-4637-a436-326632313835/-/empty/typeexpo_1.png]
[thb.tildacdn.com/tild3334-3530-4637-a436-326632313835/-/resizeb/20x/typeexpo_1.jpg]
[thb.tildacdn.com/tild6439-3862-4765-b863-633134613065/-/empty/DSC06864_.png]
[static.tildacdn.com/tild6239-3135-4037-a132-316435633430/Complect.png]
[thb.tildacdn.com/tild6239-3135-4037-a132-316435633430/-/empty/Complect.png]
[thb.tildacdn.com/tild6239-3135-4037-a132-316435633430/-/resizeb/20x/Complect.png]
[static.tildacdn.com/tild3664-3639-4963-b265-623734346162/nhbcbnb_cnjk.jpg]
[thb.tildacdn.com/tild3664-3639-4963-b265-623734346162/-/empty/nhbcbnb_cnjk.png]
[thb.tildacdn.com/tild3664-3639-4963-b265-623734346162/-/resizeb/20x/nhbcbnb_cnjk.jpg]
[static.tildacdn.com/tild3536-6534-4664-a665-666638366337/Frame_2.jpg]
[thb.tildacdn.com/tild3536-6534-4664-a665-666638366337/-/resizeb/20x/Frame_2.jpg]
[static.tildacdn.com/tild3061-3263-4131-a431-346263343632/Group_40.jpg]
[thb.tildacdn.com/tild3061-3263-4131-a431-346263343632/-/resizeb/20x/Group_40.jpg]
[static.tildacdn.com/tild3031-3231-4266-a239-623432326330/Group_41.jpg]
[thb.tildacdn.com/tild3031-3231-4266-a239-623432326330/-/resizeb/20x/Group_41.jpg]
[static.tildacdn.com/tild6162-6533-4833-b165-636266656531/Group_42.jpg]
[thb.tildacdn.com/tild6162-6533-4833-b165-636266656531/-/resizeb/20x/Group_42.jpg]
[static.tildacdn.com/tild3735-6664-4230-b133-373861366635/1_760964060.jpg]
[thb.tildacdn.com/tild3735-6664-4230-b133-373861366635/-/resizeb/20x/1_760964060.jpg]
[static.tildacdn.com/tild6330-3730-4265-b532-303065656364/Group_43.jpg]
[thb.tildacdn.com/tild6330-3730-4265-b532-303065656364/-/resizeb/20x/Group_43.jpg]
[static.tildacdn.com/tild6361-3336-4362-a133-626635316238/noroot.png]
[thb.tildacdn.com/tild6361-3336-4362-a133-626635316238/-/empty/noroot.png]
[thb.tildacdn.com/tild6361-3336-4362-a133-626635316238/-/resizeb/20x/noroot.png]
[illumika.com/projects/ledvizor/stand.html]
[mc.yandex.ru/metrika/taga2ee.js]
[static.tildacdn.com/tild3564-6661-4561-b463-636362376339/DOMxDOM_badge.jpg]
[static.tildacdn.com/css/tilda-t410-beforeafter-1.0.min.css]
[static.tildacdn.com/ws/project4928594/tilda-blocks-page36643588.min14d4.css]
[static.tildacdn.com/ws/project4928594/tilda-blocks-page36643588.min14d4.js]
[static.tildacdn.com/js/tilda-t410-beforeafter-1.0.min.js]
[static.tildacdn.com/tild3165-3433-4863-b336-333836663865/Winter_01-min.jpg]
[static.tildacdn.com/tild6161-3534-4665-b363-306638373938/MNMLST_VIEW1_RED-min.jpg]
[static.tildacdn.com/tild3534-3135-4634-b933-343764343035/Winter_01-min.jpg]
[illumika.com/projects/domxdom.html]
[static.tildacdn.com/tild6139-3963-4162-a465-366630383931/VDNKh_badge.jpg]
[static.tildacdn.com/ws/project4928594/tilda-blocks-page35901378.min14d4.css]
[static.tildacdn.com/ws/project4928594/tilda-blocks-page35901378.min14d4.js]
[static.tildacdn.com/tild3262-3632-4564-a466-373366353065/VDNKh_illumika_logo4.jpg]
[static.tildacdn.com/tild3034-3364-4230-b738-646661363937/1-min-min.png]
[illumika.com/projects/vdnkh66.html]
[static.tildacdn.com/tild3736-6533-4666-a336-316330653931/Electrocabin_badge.jpg]
[static.tildacdn.com/ws/project4928594/tilda-blocks-page36710550.min14d4.css]
[static.tildacdn.com/ws/project4928594/tilda-blocks-page36710550.min14d4.js]
[static.tildacdn.com/tild6333-3863-4537-a461-653365363030/0031.jpg]
[static.tildacdn.com/tild6436-3565-4838-a435-306637646563/KIDS_CAMP_01.jpg]
[static.tildacdn.com/tild6463-3734-4365-b739-336163326237/004-min.jpg]
[static.tildacdn.com/tild3464-6331-4538-b765-303562366131/KIDS_01-min.jpg]
[static.tildacdn.com/tild6463-3534-4336-b133-346138646262/001-min.jpg]
[static.tildacdn.com/tild3038-3365-4630-b065-363537356634/004-min.jpg]
[static.tildacdn.com/tild6236-6636-4364-a664-326539333832/003-min.jpg]
[static.tildacdn.com/tild3138-3239-4665-a165-326532316262/002-min.jpg]
[static.tildacdn.com/tild3063-3538-4436-b338-303936626431/canteen-02.png]
[static.tildacdn.com/tild6638-3062-4731-a362-643134393263/living_block_with_cl.png]
[static.tildacdn.com/tild3734-6164-4564-a531-393466623661/living_block-02.png]
[static.tildacdn.com/tild6461-3531-4438-a431-383262353363/living_block_separat.png]
[static.tildacdn.com/tild3932-3435-4538-a639-363661386163/Emergency_7_view.jpg]
[static.tildacdn.com/tild3165-3032-4262-b063-393664316333/003-min.jpg]
[static.tildacdn.com/tild6630-6335-4935-b330-623632343365/MORT_big-min.jpg]
[static.tildacdn.com/tild6662-6563-4139-b934-323437613539/Mort-main-facade-01-.jpg]
[illumika.com/projects/electromechanics.html]
[static.tildacdn.com/tild3636-3464-4266-b261-306136653837/Mirea_badge.jpg]
[static.tildacdn.com/ws/project4928594/tilda-blocks-page42981251.min6df5.css]
[static.tildacdn.com/ws/project4928594/tilda-blocks-page42981251.min6df5.js]
[static.tildacdn.com/tild6535-6261-4435-a239-333130383537/Ext_01_Interactive_L.jpg]
[static.tildacdn.com/tild3536-3863-4636-a264-646461663066/04-Lower_wardrobe-mi.jpg]
[static.tildacdn.com/tild6265-3234-4762-b031-353935646265/background-midi.jpg]
[static.tildacdn.com/tild3634-3261-4335-b266-643833316464/MIREA_exterior-01.png]
[static.tildacdn.com/tild6562-6237-4262-b735-316138613462/03_Vest_done-min.jpg]
[static.tildacdn.com/tild6630-6131-4466-b365-313639306164/sheme1-min.jpg]
[static.tildacdn.com/tild6365-6261-4133-b630-666639353738/sheme2-min.jpg]
[static.tildacdn.com/tild3938-6432-4833-b837-643937336435/09-Biblio_hall_fin-m.jpg]
[static.tildacdn.com/tild3330-6538-4734-b636-366562323933/02_Entrance_CShading.jpg]
[illumika.com/projects/mirea.html]
[static.tildacdn.com/tild6430-6133-4661-b834-626132363537/Maxximbel_branding_b.jpg]
[static.tildacdn.com/ws/project4928594/tilda-blocks-page38113027.min6df5.css]
[static.tildacdn.com/ws/project4928594/tilda-blocks-page38113027.min6df5.js]
[static.tildacdn.com/tild3132-6330-4131-a266-323830343839/Title_image_copy.jpg]
[static.tildacdn.com/tild3063-3465-4130-b064-353761666436/8-2_min.jpg]
[static.tildacdn.com/tild6664-6266-4361-a130-393166313265/Identity-09.png]
[static.tildacdn.com/tild6232-6331-4564-b862-383665333364/Identity-26.png]
[static.tildacdn.com/tild3330-3339-4134-a365-346264653131/Identity-12.png]
[static.tildacdn.com/tild3631-6139-4535-a562-626638343034/Identity-14.png]
[static.tildacdn.com/tild3430-6437-4061-b432-653830343865/Identity-15.png]
[static.tildacdn.com/tild3439-3266-4830-b264-393531366636/Identity-13.png]
[static.tildacdn.com/tild6536-3035-4366-a635-663839386166/Identity-18.png]
[illumika.com/projects/maxximobel-branding.html]
[static.tildacdn.com/tild6534-3634-4937-b863-356566666433/Port_Hotel_branding_.jpg]
[static.tildacdn.com/ws/project4928594/tilda-blocks-page38089157.min6df5.css]
[static.tildacdn.com/ws/project4928594/tilda-blocks-page38089157.min6df5.js]
[static.tildacdn.com/tild6465-3366-4362-b230-386238616632/Title_image_copy.jpg]
[static.tildacdn.com/tild3533-3764-4239-b530-636234633132/container_design-min.jpg]
[static.tildacdn.com/tild3664-3864-4432-a334-653062363838/Logo_process-09.png]
[static.tildacdn.com/tild3332-6233-4765-b631-343637363635/Logo_process-04.jpg]
[static.tildacdn.com/tild6534-6163-4835-b930-376362373337/Logo_process-10.jpg]
[static.tildacdn.com/tild3538-3062-4239-b265-383130333561/Logo_process-07.jpg]
[static.tildacdn.com/tild3931-6362-4130-a438-653430386431/Logo_process-11.png]
[static.tildacdn.com/tild3534-6630-4764-a135-613230396531/taganrog_2.jpg]
[static.tildacdn.com/tild3139-6166-4037-a439-636338653763/The_Light_Sign.jpg]
[illumika.com/projects/hotel-port-branding.html]
[static.tildacdn.com/tild3065-6637-4063-b333-383435663665/the_light_badge.jpg]
[static.tildacdn.com/ws/project4928594/tilda-blocks-page36105044.min14d4.css]
[static.tildacdn.com/ws/project4928594/tilda-blocks-page36105044.min14d4.js]
[static.tildacdn.com/tild3131-3532-4339-b765-633938316637/cover_1_copy.jpg]
[static.tildacdn.com/tild3037-3737-4736-b262-623234383937/The_Light_Sign.jpg]
[static.tildacdn.com/tild3738-6137-4263-b839-633632666563/communications_copy.jpg]
[static.tildacdn.com/tild3834-3935-4639-b435-656139616561/Key_form.jpg]
[static.tildacdn.com/tild3238-3834-4830-b566-636162393631/4-04_flipped-min.png]
[illumika.com/projects/the-light.html]
[static.tildacdn.com/tild3036-3066-4962-a637-383032393033/3.png]
[static.tildacdn.com/ws/project4928594/tilda-blocks-page134470636.mina7a0.css]
[static.tildacdn.com/ws/project4928594/tilda-blocks-page134470636.mina7a0.js]
[thb.tildacdn.com/tild3036-6361-4834-a565-346130306630/-/resize/20x/SEQ_04_0428_.jpg]
[static.tildacdn.com/tild3036-6361-4834-a565-346130306630/SEQ_04_0428_.jpg]
[static.tildacdn.com/tild6461-3264-4866-a265-666230333163/Group_451.jpg]
[thb.tildacdn.com/tild6461-3264-4866-a265-666230333163/-/empty/Group_451.png]
[thb.tildacdn.com/tild6461-3264-4866-a265-666230333163/-/resizeb/20x/Group_451.jpg]
[static.tildacdn.com/tild6535-6338-4366-a464-313731373665/Group_455.jpg]
[thb.tildacdn.com/tild6535-6338-4366-a464-313731373665/-/empty/Group_455.png]
[thb.tildacdn.com/tild6535-6338-4366-a464-313731373665/-/resizeb/20x/Group_455.jpg]
[thb.tildacdn.com/tild6362-3931-4239-b063-376436356438/-/empty/Group_456.png]
[static.tildacdn.com/tild3237-6363-4731-b064-633736353033/Group_472.jpg]
[thb.tildacdn.com/tild3237-6363-4731-b064-633736353033/-/empty/Group_472.png]
[thb.tildacdn.com/tild3237-6363-4731-b064-633736353033/-/resizeb/20x/Group_472.jpg]
[static.tildacdn.com/tild6538-6566-4238-a235-646235623530/Group_473.jpg]
[thb.tildacdn.com/tild6538-6566-4238-a235-646235623530/-/empty/Group_473.png]
[thb.tildacdn.com/tild6538-6566-4238-a235-646235623530/-/resizeb/20x/Group_473.jpg]
[static.tildacdn.com/tild3330-3665-4463-b338-303663306661/Group_474.jpg]
[thb.tildacdn.com/tild3330-3665-4463-b338-303663306661/-/empty/Group_474.png]
[thb.tildacdn.com/tild3330-3665-4463-b338-303663306661/-/resizeb/20x/Group_474.jpg]
[static.tildacdn.com/tild3834-3431-4335-b533-643861333638/Group_475.jpg]
[thb.tildacdn.com/tild3834-3431-4335-b533-643861333638/-/empty/Group_475.png]
[thb.tildacdn.com/tild3834-3431-4335-b533-643861333638/-/resizeb/20x/Group_475.jpg]
[static.tildacdn.com/tild6638-3235-4662-b936-646530643132/Citylight_Mockup_1_c.jpg]
[thb.tildacdn.com/tild6638-3235-4662-b936-646530643132/-/resizeb/20x/Citylight_Mockup_1_c.jpg]
[static.tildacdn.com/tild3531-3862-4666-a465-323530366365/Outdoor_Poster_Mocku.jpg]
[thb.tildacdn.com/tild3531-3862-4666-a465-323530366365/-/resizeb/20x/Outdoor_Poster_Mocku.jpg]
[static.tildacdn.com/tild6461-6264-4935-b732-326463646364/FLYER-2_Mockup_copy_.png]
[thb.tildacdn.com/tild6461-6264-4935-b732-326463646364/-/resizeb/20x/FLYER-2_Mockup_copy_.png]
[static.tildacdn.com/tild6436-6363-4231-a666-613965346666/Macbook_Air_M2_Mocku.png]
[thb.tildacdn.com/tild6436-6363-4231-a666-613965346666/-/resizeb/20x/Macbook_Air_M2_Mocku.png]
[static.tildacdn.com/tild6138-6130-4538-b033-616165633264/SLIDE_07.jpg]
[thb.tildacdn.com/tild6138-6130-4538-b033-616165633264/-/resizeb/20x/SLIDE_07.jpg]
[illumika.com/branding-kitchenetic.html]
[mc.yandex.ru/metrika/tagbd89.js]
[static.tildacdn.com/tild3065-3165-4437-a234-393531616336/maxximbel_badge.jpg]
[static.tildacdn.com/ws/project4928594/tilda-blocks-page37754498.min6df5.css]
[static.tildacdn.com/ws/project4928594/tilda-blocks-page37754498.min6df5.js]
[static.tildacdn.com/tild3436-6631-4833-a165-396538323334/a-min.jpg]
[static.tildacdn.com/tild3363-6339-4238-a139-643533316263/1_copy-min.png]
[illumika.com/projects/maxximobel.html]
[static.tildacdn.com/tild3038-3164-4164-b132-326534393639/ipsa_badge.jpg]
[static.tildacdn.com/ws/project4928594/tilda-blocks-page35929398.min14d4.css]
[static.tildacdn.com/ws/project4928594/tilda-blocks-page35929398.min14d4.js]
[static.tildacdn.com/tild3934-3639-4337-b136-323363383061/7_1.jpg]
[static.tildacdn.com/tild3739-6537-4164-a538-333835663266/3.jpg]
[static.tildacdn.com/tild6333-6630-4139-b364-613436313064/2_dark.jpg]
[illumika.com/projects/ipsa.html]
[static.tildacdn.com/ws/project4928594/tilda-blocks-page106358386.mina7a0.css]
[static.tildacdn.com/ws/project4928594/tilda-blocks-page106358386.mina7a0.js]
[static.tildacdn.com/js/tilda-video-1.0.min.js]
[static.tildacdn.com/tild3539-6335-4237-b536-633536636261/Background2.jpg]
[thb.tildacdn.com/tild3539-6335-4237-b536-633536636261/-/empty/Background2.png]
[thb.tildacdn.com/tild3539-6335-4237-b536-633536636261/-/resizeb/20x/Background2.jpg]
[static.tildacdn.com/tild3161-6235-4164-b062-303631316130/image_1.jpg]
[thb.tildacdn.com/tild3161-6235-4164-b062-303631316130/-/empty/image_1.png]
[thb.tildacdn.com/tild3161-6235-4164-b062-303631316130/-/resizeb/20x/image_1.jpg]
[static.tildacdn.com/tild3533-3762-4161-b666-366162663838/4_2_.jpg]
[thb.tildacdn.com/tild3533-3762-4161-b666-366162663838/-/empty/4_2_.png]
[thb.tildacdn.com/tild3533-3762-4161-b666-366162663838/-/resizeb/20x/4_2_.jpg]
[static.tildacdn.com/tild6264-3965-4433-b833-333866656133/3_2_.jpg]
[thb.tildacdn.com/tild6264-3965-4433-b833-333866656133/-/empty/3_2_.png]
[thb.tildacdn.com/tild6264-3965-4433-b833-333866656133/-/resizeb/20x/3_2_.jpg]
[static.tildacdn.com/tild3963-3233-4635-b730-323032316332/5__2.jpg]
[thb.tildacdn.com/tild3963-3233-4635-b730-323032316332/-/resizeb/20x/5__2.jpg]
[static.tildacdn.com/tild6230-6136-4233-b831-336465396634/6.png]
[thb.tildacdn.com/tild6230-6136-4233-b831-336465396634/-/resizeb/20x/6.png]
[static.tildacdn.com/tild3562-6537-4238-b038-383362366161/5_1_.jpg]
[thb.tildacdn.com/tild3562-6537-4238-b038-383362366161/-/resizeb/20x/5_1_.jpg]
[illumika.com/projects/shelter.html]
[mc.yandex.ru/metrika/tag3789.js]
[static.tildacdn.com/tild3839-3064-4566-a465-336366326361/ripple_badge.jpg]
[static.tildacdn.com/ws/project4928594/tilda-blocks-page37726502.min14d4.css]
[static.tildacdn.com/ws/project4928594/tilda-blocks-page37726502.min14d4.js]
[static.tildacdn.com/tild6130-3638-4335-b339-663965633837/Lobby-min.jpg]
[static.tildacdn.com/tild3863-3939-4466-a138-316232376565/Closeup1_2-min.jpg]
[static.tildacdn.com/tild6530-3364-4734-b266-373031363538/3.jpg]
[static.tildacdn.com/tild3630-6539-4262-b766-616662303238/4.jpg]
[static.tildacdn.com/tild3132-3131-4962-b661-366339333565/Closeup2-min.jpg]
[static.tildacdn.com/tild3261-6438-4636-b438-313761326231/Frame_230.png]
[static.tildacdn.com/tild3764-3462-4565-a139-653161343634/Frame_232.jpg]
[illumika.com/projects/feltx-ripple.html]
[static.tildacdn.com/tild3932-6164-4335-b938-303330666139/3_copy_1.jpg]
[static.tildacdn.com/ws/project4928594/tilda-blocks-page129940886.mina7a0.css]
[static.tildacdn.com/ws/project4928594/tilda-blocks-page129940886.mina7a0.js]
[static.tildacdn.com/tild6636-6534-4533-a532-623331373764/image_1713.jpg]
[thb.tildacdn.com/tild6636-6534-4533-a532-623331373764/-/empty/image_1713.png]
[thb.tildacdn.com/tild6636-6534-4533-a532-623331373764/-/resizeb/20x/image_1713.jpg]
[static.tildacdn.com/tild3731-6433-4337-a438-373030376465/_-1_1.jpg]
[thb.tildacdn.com/tild3731-6433-4337-a438-373030376465/-/empty/_-1_1.png]
[thb.tildacdn.com/tild3731-6433-4337-a438-373030376465/-/resizeb/20x/_-1_1.jpg]
[static.tildacdn.com/tild3661-3362-4630-b566-353338626638/Group_15.svg]
[thb.tildacdn.com/tild3932-6164-4335-b938-303330666139/-/empty/3_copy_1.png]
[thb.tildacdn.com/tild3932-6164-4335-b938-303330666139/-/resizeb/20x/3_copy_1.jpg]
[static.tildacdn.com/tild3633-6363-4464-a362-323334623834/SCN_02_0620_1.jpg]
[thb.tildacdn.com/tild3633-6363-4464-a362-323334623834/-/resizeb/20x/SCN_02_0620_1.jpg]
[static.tildacdn.com/tild6163-6336-4631-a565-306630343662/CAM_14_1.jpg]
[thb.tildacdn.com/tild6163-6336-4631-a565-306630343662/-/resizeb/20x/CAM_14_1.jpg]
[static.tildacdn.com/tild3239-6132-4436-b032-323532356638/CAM_03_1.jpg]
[thb.tildacdn.com/tild3239-6132-4436-b032-323532356638/-/resizeb/20x/CAM_03_1.jpg]
[static.tildacdn.com/tild6531-6133-4063-a233-386534353266/CAM_06_1.jpg]
[thb.tildacdn.com/tild6531-6133-4063-a233-386534353266/-/resizeb/20x/CAM_06_1.jpg]
[static.tildacdn.com/tild3265-3639-4439-b462-613461316536/CAM_18_1.jpg]
[thb.tildacdn.com/tild3265-3639-4439-b462-613461316536/-/resizeb/20x/CAM_18_1.jpg]
[illumika.com/projects/urfo.html]
[mc.yandex.ru/metrika/tagfb9a.js]
[static.tildacdn.com/tild3132-6566-4330-a432-313038643966/rosker_badge.jpg]
[static.tildacdn.com/ws/project4928594/tilda-blocks-page35970513.min14d4.css]
[static.tildacdn.com/ws/project4928594/tilda-blocks-page35970513.min14d4.js]
[static.tildacdn.com/tild3863-3064-4234-b864-336566303266/1_copy.jpg]
[static.tildacdn.com/tild3230-3532-4064-a230-343537373931/2_copy.jpg]
[illumika.com/projects/rosker.html]
[static.tildacdn.com/tild6664-3531-4666-a666-333761336639/SLIDE_14.png]
[static.tildacdn.com/ws/project4928594/tilda-blocks-page133315406.mina7a0.css]
[static.tildacdn.com/ws/project4928594/tilda-blocks-page133315406.mina7a0.js]
[static.tildacdn.com/tild3531-6136-4537-b032-663565646663/image_1827.jpg]
[thb.tildacdn.com/tild3531-6136-4537-b032-663565646663/-/empty/image_1827.png]
[thb.tildacdn.com/tild3531-6136-4537-b032-663565646663/-/resizeb/20x/image_1827.jpg]
[static.tildacdn.com/tild3534-6231-4130-b336-376533363662/sdf.jpg]
[thb.tildacdn.com/tild3534-6231-4130-b336-376533363662/-/empty/sdf.png]
[thb.tildacdn.com/tild3534-6231-4130-b336-376533363662/-/resizeb/20x/sdf.jpg]
[static.tildacdn.com/tild3763-6337-4966-a666-306331646563/noroot.png]
[thb.tildacdn.com/tild3763-6337-4966-a666-306331646563/-/empty/noroot.png]
[thb.tildacdn.com/tild3763-6337-4966-a666-306331646563/-/resizeb/20x/noroot.png]
[static.tildacdn.com/tild3738-3362-4535-b331-663032643364/untitled23.png]
[thb.tildacdn.com/tild3738-3362-4535-b331-663032643364/-/empty/untitled23.png]
[thb.tildacdn.com/tild3738-3362-4535-b331-663032643364/-/resizeb/20x/untitled23.png]
[static.tildacdn.com/tild3464-3265-4465-b265-343632383139/SLIDE_10.png]
[thb.tildacdn.com/tild3464-3265-4465-b265-343632383139/-/resizeb/20x/SLIDE_10.png]
[static.tildacdn.com/tild6538-3936-4361-b664-333430363137/SLIDE_07-2_1.jpg]
[thb.tildacdn.com/tild6538-3936-4361-b664-333430363137/-/resizeb/20x/SLIDE_07-2_1.jpg]
[static.tildacdn.com/tild6538-6362-4363-a666-343730313837/SLIDE_09_1.jpg]
[thb.tildacdn.com/tild6538-6362-4363-a666-343730313837/-/resizeb/20x/SLIDE_09_1.jpg]
[static.tildacdn.com/tild6262-6538-4336-b765-383061663563/Group_476.png]
[thb.tildacdn.com/tild6262-6538-4336-b765-383061663563/-/resizeb/20x/Group_476.png]
[illumika.com/projects/kitchenetic.html]
[mc.yandex.ru/metrika/tagabb2.js]
[static.tildacdn.com/tild3536-3064-4538-b932-616235326332/pencilmate_badge.jpg]
[static.tildacdn.com/ws/project4928594/tilda-blocks-page35870017.min14d4.css]
[static.tildacdn.com/ws/project4928594/tilda-blocks-page35870017.min14d4.js]
[static.tildacdn.com/tild6437-6336-4362-b466-636265303632/1_copy.png]
[static.tildacdn.com/tild6331-3036-4738-b364-333930653738/2_copy-min.png]
[illumika.com/projects/pencilmate.html]
[static.tildacdn.com/ws/project4928594/tilda-blocks-page130948856.mina7a0.css]
[static.tildacdn.com/ws/project4928594/tilda-blocks-page130948856.mina7a0.js]
[static.tildacdn.com/tild3566-3063-4362-b632-663538643863/image_1713.jpg]
[thb.tildacdn.com/tild3566-3063-4362-b632-663538643863/-/empty/image_1713.png]
[thb.tildacdn.com/tild3566-3063-4362-b632-663538643863/-/resizeb/20x/image_1713.jpg]
[static.tildacdn.com/tild3039-3861-4032-b235-356230646133/52978.jpg]
[thb.tildacdn.com/tild3039-3861-4032-b235-356230646133/-/empty/52978.png]
[thb.tildacdn.com/tild3039-3861-4032-b235-356230646133/-/resizeb/20x/52978.jpg]
[static.tildacdn.com/tild6334-6235-4236-b434-646466646261/Frame_1.jpg]
[thb.tildacdn.com/tild6334-6235-4236-b434-646466646261/-/empty/Frame_1.png]
[thb.tildacdn.com/tild6334-6235-4236-b434-646466646261/-/resizeb/20x/Frame_1.jpg]
[static.tildacdn.com/tild3035-3938-4339-a435-623337393665/protone_test9.png]
[thb.tildacdn.com/tild3035-3938-4339-a435-623337393665/-/resizeb/20x/protone_test9.png]
[static.tildacdn.com/tild6464-3534-4365-b661-363365646233/protone_front7_1.png]
[thb.tildacdn.com/tild6464-3534-4365-b661-363365646233/-/resizeb/20x/protone_front7_1.png]
[static.tildacdn.com/tild6230-6638-4663-b165-336632343436/protone_test_round62.png]
[thb.tildacdn.com/tild6230-6638-4663-b165-336632343436/-/resizeb/20x/protone_test_round62.png]
[static.tildacdn.com/tild3531-3239-4538-b361-303937666239/Frame_2.jpg]
[thb.tildacdn.com/tild3531-3239-4538-b361-303937666239/-/empty/Frame_2.png]
[thb.tildacdn.com/tild3531-3239-4538-b361-303937666239/-/resizeb/20x/Frame_2.jpg]
[static.tildacdn.com/tild3463-3038-4133-b836-316537303963/protone_test_round26.png]
[thb.tildacdn.com/tild3463-3038-4133-b836-316537303963/-/resizeb/20x/protone_test_round26.png]
[static.tildacdn.com/tild6665-3763-4633-b632-333865633639/protone_test_round29.png]
[thb.tildacdn.com/tild6665-3763-4633-b632-333865633639/-/resizeb/20x/protone_test_round29.png]
[static.tildacdn.com/tild3065-6365-4939-a438-326164656139/protone_test_round31.png]
[thb.tildacdn.com/tild3065-6365-4939-a438-326164656139/-/resizeb/20x/protone_test_round31.png]
[static.tildacdn.com/tild6539-3430-4333-b162-653864613233/1.jpg]
[thb.tildacdn.com/tild6539-3430-4333-b162-653864613233/-/empty/1.png]
[thb.tildacdn.com/tild6539-3430-4333-b162-653864613233/-/resizeb/20x/1.jpg]
[static.tildacdn.com/tild3635-3865-4561-b566-633233366438/protone_test_round47.png]
[thb.tildacdn.com/tild3635-3865-4561-b566-633233366438/-/resizeb/20x/protone_test_round47.png]
[static.tildacdn.com/tild3032-3238-4362-b533-303937623965/protone_test_round48.png]
[thb.tildacdn.com/tild3032-3238-4362-b533-303937623965/-/resizeb/20x/protone_test_round48.png]
[static.tildacdn.com/tild3635-3632-4266-b161-303131633330/protone_test_round46.png]
[thb.tildacdn.com/tild3635-3632-4266-b161-303131633330/-/resizeb/20x/protone_test_round46.png]
[static.tildacdn.com/tild6430-3530-4230-b765-376663623834/Frame_3.jpg]
[thb.tildacdn.com/tild6430-3530-4230-b765-376663623834/-/empty/Frame_3.png]
[thb.tildacdn.com/tild6430-3530-4230-b765-376663623834/-/resizeb/20x/Frame_3.jpg]
[static.tildacdn.com/tild6535-6166-4361-b836-386138626363/protone_test_round49.png]
[thb.tildacdn.com/tild6535-6166-4361-b836-386138626363/-/resizeb/20x/protone_test_round49.png]
[static.tildacdn.com/tild3662-3666-4039-a338-633838373937/protone_test_round38.png]
[thb.tildacdn.com/tild3662-3666-4039-a338-633838373937/-/resizeb/20x/protone_test_round38.png]
[static.tildacdn.com/tild6638-6230-4362-b932-306263643632/protone_test_round51.png]
[thb.tildacdn.com/tild6638-6230-4362-b932-306263643632/-/resizeb/20x/protone_test_round51.png]
[illumika.com/projects/protone.html]
[mc.yandex.ru/metrika/tag3466.js]
[static.tildacdn.com/tild3633-6564-4138-b839-323066363137/__badge.jpg]
[static.tildacdn.com/ws/project4928594/tilda-blocks-page36030866.min14d4.css]
[static.tildacdn.com/ws/project4928594/tilda-blocks-page36030866.min14d4.js]
[static.tildacdn.com/tild3239-3330-4936-b632-653661616132/IMG_4370.jpg]
[static.tildacdn.com/tild3766-6133-4465-a433-666564393637/IMG_7520-min.jpg]
[illumika.com/projects/pair-of-96.html]
[static.tildacdn.com/tild6264-3331-4364-b039-366339663035/ipsa_badge-1.jpg]
[static.tildacdn.com/ws/project4928594/tilda-blocks-page35937141.min14d4.css]
[static.tildacdn.com/ws/project4928594/tilda-blocks-page35937141.min14d4.js]
[static.tildacdn.com/tild6665-6562-4464-b438-623136303065/Bold_Hero_kit.jpg]
[static.tildacdn.com/tild3262-3266-4238-b530-333061356336/Bold_Hero_classic_st.jpg]
[illumika.com/projects/bold-hero.html]
[static.tildacdn.com/tild6364-3734-4163-a335-333566656665/combobiombo_badge.jpg]
[static.tildacdn.com/ws/project4928594/tilda-blocks-page37746989.min14d4.css]
[static.tildacdn.com/ws/project4928594/tilda-blocks-page37746989.min14d4.js]
[static.tildacdn.com/tild3033-3938-4135-b830-333266303539/AD_Quinta_das_Cameli.jpg]
[static.tildacdn.com/tild3332-6531-4166-b463-356631316564/AD_Quinta_das_Cameli.jpg]
[static.tildacdn.com/tild6663-3561-4537-b165-306234623961/AD_Quinta_das_Cameli.jpg]
[static.tildacdn.com/tild3265-3266-4239-b135-363437623934/2.jpg]
[static.tildacdn.com/tild3239-3931-4338-a237-333062333639/Night_screen.jpg]
[static.tildacdn.com/tild6235-3664-4431-b639-373766383431/Furnicloud_light-min.jpg]
[static.tildacdn.com/tild3866-3636-4639-a665-646464663535/B1.jpg]
[static.tildacdn.com/tild6465-3363-4461-a665-613831356436/4.jpg]
[static.tildacdn.com/tild3738-6335-4433-b134-616536316366/2_copy.jpg]
[illumika.com/projects/combobiombo.html]
[static.tildacdn.com/tild3032-3033-4664-b965-656539346262/furnicloud_badge.jpg]
[static.tildacdn.com/ws/project4928594/tilda-blocks-page36611000.min14d4.css]
[static.tildacdn.com/ws/project4928594/tilda-blocks-page36611000.min14d4.js]
[static.tildacdn.com/tild6564-3765-4236-b638-363931616561/Furnicloud_red-min1.jpg]
[static.tildacdn.com/tild3263-3839-4166-b431-626663323838/look_inside_finale.jpg]
[static.tildacdn.com/tild6530-6135-4266-b166-363938616263/unit35.png]
[static.tildacdn.com/tild3537-3362-4934-b062-666631636533/DSCF2651-min-bw.jpg]
[static.tildacdn.com/tild6563-6632-4366-a534-383661333165/L1310669-2-min.jpg]
[static.tildacdn.com/tild6230-6463-4165-b239-393431373131/IMG_4370.jpg]
[static.tildacdn.com/tild6136-3764-4531-b563-643365653866/2.jpg]
[static.tildacdn.com/tild3661-6166-4437-b163-666432663435/3.jpg]
[static.tildacdn.com/tild3433-3061-4662-b763-663639323366/3_copy.jpg]
[illumika.com/projects/furnicloud.html]
[static.tildacdn.com/ws/project4928594/tilda-blocks-page102041636.mind218.css]
[static.tildacdn.com/css/tilda-catalog-1.1.min.css]
[static.tildacdn.com/css/tilda-zoom-2.0.min.css]
[illumika.com/customd218.css]
[static.tildacdn.com/tild3662-3335-4138-b730-633336313238/Frame_1.svg]
[static.tildacdn.com/tild6238-3738-4963-b635-623134346365/logo.svg]
[static.tildacdn.com/ws/project4928594/tilda-blocks-page111758856.min8084.css]
[illumika.com/custom8084.css]
[static.tildacdn.com/ws/project4928594/tilda-blocks-page120073306.min9948.css]
[illumika.com/custom9948.css]
[static.tildacdn.com/ws/project4928594/tilda-blocks-page118152036.min8fde.css]
[illumika.com/custom8fde.css]
[static.tildacdn.com/ws/project4928594/tilda-blocks-page132748906.minfbf2.css]
[illumika.com/customfbf2.css]
[illumika.com/THREE.LensFlare has been moved to/examples/jsm/objects/Lensflare.html]
[illumika.com/THREE.SceneUtils has been moved to/examples/jsm/utils/SceneUtils.html]
[illumika.com/tilda-scripts-3.0.min.html]
[illumika.com/tilda-members-scripts.min.html]
[illumika.com/projects/OPR/index.html]
[illumika.com/projects/projects/open.html]
[static.tildacdn.com/ws/project4928594/tilda-blocks-page35835759.min14d4.css]
[www.googletagmanager.com/gtm5445.html]
[static.tildacdn.com/tild3361-3933-4337-b465-393435363739/illumika_logo_hover-.svg]
[static.tildacdn.com/tild6236-6435-4235-a366-333935333361/Language-05_Converte.svg]
[static.tildacdn.com/ws/project4928594/tilda-blocks-page124315076.mina7a0.css]
[illumika.com/customa7a0.css]
[static.tildacdn.com/ws/project4928594/tilda-blocks-page128264236.mina7a0.css]
[illumika.com/projects/rainz/OPR/index.html]
[static.tildacdn.com/ws/project4928594/tilda-blocks-page36046315.min14d4.css]
[static.tildacdn.com/ws/project4928594/tilda-blocks-page36696945.min14d4.css]
[static.tildacdn.com/ws/project4928594/tilda-blocks-page36038957.min14d4.css]
[static.tildacdn.com/ws/project4928594/tilda-blocks-page37776966.min14d4.css]
[static.tildacdn.com/ws/project4928594/tilda-blocks-page128886926.mina7a0.css]
[static.tildacdn.com/ws/project4928594/tilda-blocks-page131217186.mina7a0.css]
[static.tildacdn.com/ws/project4928594/tilda-blocks-page36079847.min14d4.css]
[static.tildacdn.com/ws/project4928594/tilda-blocks-page36068269.min14d4.css]
[static.tildacdn.com/ws/project4928594/tilda-blocks-page127411136.mina7a0.css]
[illumika.com/projects/ledvizor/OPR/index.html]
[static.tildacdn.com/ws/project4928594/tilda-blocks-page36643588.min14d4.css]
[static.tildacdn.com/css/tilda-t410-beforeafter-1.0.min.css]
[static.tildacdn.com/ws/project4928594/tilda-blocks-page35901378.min14d4.css]
[static.tildacdn.com/ws/project4928594/tilda-blocks-page36710550.min14d4.css]
[static.tildacdn.com/ws/project4928594/tilda-blocks-page42981251.min6df5.css]
[static.tildacdn.com/ws/project4928594/tilda-blocks-page38113027.min6df5.css]
[static.tildacdn.com/ws/project4928594/tilda-blocks-page38089157.min6df5.css]
[static.tildacdn.com/ws/project4928594/tilda-blocks-page36105044.min14d4.css]
[static.tildacdn.com/ws/project4928594/tilda-blocks-page134470636.mina7a0.css]
[static.tildacdn.com/ws/project4928594/tilda-blocks-page37754498.min6df5.css]
[static.tildacdn.com/ws/project4928594/tilda-blocks-page35929398.min14d4.css]
[static.tildacdn.com/ws/project4928594/tilda-blocks-page106358386.mina7a0.css]
[static.tildacdn.com/ws/project4928594/tilda-blocks-page37726502.min14d4.css]
[static.tildacdn.com/ws/project4928594/tilda-blocks-page129940886.mina7a0.css]
[static.tildacdn.com/tild3661-3362-4630-b566-353338626638/Group_15.svg]
[static.tildacdn.com/ws/project4928594/tilda-blocks-page35970513.min14d4.css]
[static.tildacdn.com/ws/project4928594/tilda-blocks-page133315406.mina7a0.css]
[static.tildacdn.com/ws/project4928594/tilda-blocks-page35870017.min14d4.css]
[static.tildacdn.com/ws/project4928594/tilda-blocks-page130948856.mina7a0.css]
[static.tildacdn.com/ws/project4928594/tilda-blocks-page36030866.min14d4.css]
[static.tildacdn.com/ws/project4928594/tilda-blocks-page35937141.min14d4.css]
[static.tildacdn.com/ws/project4928594/tilda-blocks-page37746989.min14d4.css]
[static.tildacdn.com/ws/project4928594/tilda-blocks-page36611000.min14d4.css]
[static.tildacdn.com/tild6131-6134-4038-a638-323332633230/TTNormsPro-Regular.woff]
